[2025-10-10T12:54:22.364+0000] {taskinstance.py:1957} INFO - Dependencies all met for dep_context=non-requeueable deps ti=<TaskInstance: complete_earnings_pipeline.download_reports.download_company_reports scheduled__2025-09-29T00:00:00+00:00 map_index=0 [queued]>
[2025-10-10T12:54:23.001+0000] {taskinstance.py:1957} INFO - Dependencies all met for dep_context=requeueable deps ti=<TaskInstance: complete_earnings_pipeline.download_reports.download_company_reports scheduled__2025-09-29T00:00:00+00:00 map_index=0 [queued]>
[2025-10-10T12:54:23.034+0000] {taskinstance.py:2171} INFO - Starting attempt 1 of 3
[2025-10-10T12:54:23.307+0000] {taskinstance.py:2192} INFO - Executing <Mapped(_PythonDecoratedOperator): download_reports.download_company_reports> on 2025-09-29 00:00:00+00:00
[2025-10-10T12:54:23.351+0000] {standard_task_runner.py:60} INFO - Started process 295 to run task
[2025-10-10T12:54:23.382+0000] {standard_task_runner.py:87} INFO - Running: ['***', 'tasks', 'run', 'complete_earnings_pipeline', 'download_reports.download_company_reports', 'scheduled__2025-09-29T00:00:00+00:00', '--job-id', '15', '--raw', '--subdir', 'DAGS_FOLDER/complete_earnings_pipeline.py', '--cfg-path', '/tmp/tmpea2ea9z3', '--map-index', '0']
[2025-10-10T12:54:23.566+0000] {standard_task_runner.py:88} INFO - Job 15: Subtask download_reports.download_company_reports
[2025-10-10T12:54:26.050+0000] {task_command.py:423} INFO - Running <TaskInstance: complete_earnings_pipeline.download_reports.download_company_reports scheduled__2025-09-29T00:00:00+00:00 map_index=0 [running]> on host 16dc2f51b29c
[2025-10-10T12:54:27.893+0000] {taskinstance.py:2481} INFO - Exporting env vars: AIRFLOW_CTX_DAG_OWNER='lantern-team' AIRFLOW_CTX_DAG_ID='complete_earnings_pipeline' AIRFLOW_CTX_TASK_ID='download_reports.download_company_reports' AIRFLOW_CTX_EXECUTION_DATE='2025-09-29T00:00:00+00:00' AIRFLOW_CTX_TRY_NUMBER='1' AIRFLOW_CTX_DAG_RUN_ID='scheduled__2025-09-29T00:00:00+00:00'
[2025-10-10T12:54:29.429+0000] {downloader.py:20} INFO - Initialized downloader with output directory: /opt/***/data/dow30_pipeline_reports_2025
[2025-10-10T12:54:29.449+0000] {main.py:276} INFO - Initialized MultithreadedDow30Pipeline with 1 workers
[2025-10-10T12:54:29.454+0000] {main.py:348} INFO - [AAPL] Starting processing...
[2025-10-10T12:54:29.536+0000] {main.py:306} WARNING - [MainThread] System Chrome failed: Message: Unable to obtain driver for chrome; For documentation on this error, please visit: https://www.selenium.dev/documentation/webdriver/troubleshooting/errors/driver_location

[2025-10-10T12:54:29.539+0000] {logger.py:11} INFO - ====== WebDriver manager ======
[2025-10-10T12:54:30.044+0000] {logger.py:11} INFO - Get LATEST chromedriver version for google-chrome
[2025-10-10T12:54:31.359+0000] {logger.py:11} INFO - About to download new driver from https://chromedriver.storage.googleapis.com/114.0.5735.90/chromedriver_linux64.zip
[2025-10-10T12:54:31.587+0000] {logger.py:11} INFO - Driver downloading response is 200
[2025-10-10T12:54:41.070+0000] {logger.py:11} INFO - Get LATEST chromedriver version for google-chrome
[2025-10-10T12:54:42.920+0000] {logger.py:11} INFO - Get LATEST chromedriver version for google-chrome
[2025-10-10T12:54:43.325+0000] {logger.py:11} INFO - Driver has been saved in cache [/home/***/.wdm/drivers/chromedriver/linux64/114.0.5735.90]
[2025-10-10T12:54:43.382+0000] {main.py:314} WARNING - [MainThread] ChromeDriverManager failed: [Errno 26] Text file busy: '/home/***/.wdm/drivers/chromedriver/linux64/114.0.5735.90/chromedriver'
[2025-10-10T12:54:43.386+0000] {main.py:340} ERROR - ❌ [MainThread] Failed to setup WebDriver: All Chrome initialization methods failed
[2025-10-10T12:54:43.387+0000] {main.py:362} ERROR - [AAPL] Failed to setup driver
[2025-10-10T12:54:43.389+0000] {complete_earnings_pipeline.py:116} INFO - Download result for AAPL: failed
[2025-10-10T12:54:43.390+0000] {python.py:201} INFO - Done. Returned value was: {'ticker': 'AAPL', 'status': 'failed', 'error': 'Driver setup failed'}
[2025-10-10T12:54:43.746+0000] {taskinstance.py:1138} INFO - Marking task as SUCCESS. dag_id=complete_earnings_pipeline, task_id=download_reports.download_company_reports, map_index=0, execution_date=20250929T000000, start_date=20251010T125422, end_date=20251010T125443
[2025-10-10T12:54:44.938+0000] {local_task_job_runner.py:234} INFO - Task exited with return code 0
[2025-10-10T12:54:48.255+0000] {taskinstance.py:3281} INFO - 0 downstream tasks scheduled from follow-on schedule check
