[2025-10-10T12:53:22.530+0000] {manager.py:469} INFO - Processing files using up to 2 processes at a time 
[2025-10-10T12:53:22.531+0000] {manager.py:470} INFO - Process each file at most once every 30 seconds
[2025-10-10T12:53:22.532+0000] {manager.py:471} INFO - Checking for new files in /opt/airflow/dags every 300 seconds
[2025-10-10T12:53:22.533+0000] {manager.py:738} INFO - Searching for files in /opt/airflow/dags
[2025-10-10T12:53:22.586+0000] {manager.py:741} INFO - There are 5 files in /opt/airflow/dags
[2025-10-10T12:53:22.673+0000] {manager.py:879} INFO - 
================================================================================
DAG File Processing Stats

File Path                                          PID  Runtime      # DAGs    # Errors  Last Runtime    Last Run
-----------------------------------------------  -----  ---------  --------  ----------  --------------  ----------
/opt/airflow/dags/simple_earnings_pipeline.py      170  0.03s             0           0
/opt/airflow/dags/exampledag.py                    173  0.02s             0           0
/opt/airflow/dags/complete_earnings_pipeline.py                           0           0
/opt/airflow/dags/lantern_docling_to_cloud.py                             0           0
/opt/airflow/dags/config/pipeline_config.py                               0           0
================================================================================
[2025-10-10T12:53:53.527+0000] {manager.py:879} INFO - 
================================================================================
DAG File Processing Stats

File Path                                          PID  Runtime      # DAGs    # Errors  Last Runtime    Last Run
-----------------------------------------------  -----  ---------  --------  ----------  --------------  -------------------
/opt/airflow/dags/exampledag.py                    218  0.02s             0           1  0.04s           2025-10-10T12:53:22
/opt/airflow/dags/lantern_docling_to_cloud.py                             0           1  0.24s           2025-10-10T12:53:23
/opt/airflow/dags/config/pipeline_config.py                               0           0  0.09s           2025-10-10T12:53:24
/opt/airflow/dags/simple_earnings_pipeline.py                             1           0  0.91s           2025-10-10T12:53:23
/opt/airflow/dags/complete_earnings_pipeline.py                           1           0  0.38s           2025-10-10T12:53:23
================================================================================
[2025-10-10T12:54:25.391+0000] {manager.py:879} INFO - 
================================================================================
DAG File Processing Stats

File Path                                          PID  Runtime      # DAGs    # Errors  Last Runtime    Last Run
-----------------------------------------------  -----  ---------  --------  ----------  --------------  -------------------
/opt/airflow/dags/exampledag.py                    298  0.05s             0           1  0.10s           2025-10-10T12:53:53
/opt/airflow/dags/lantern_docling_to_cloud.py                             0           1  0.04s           2025-10-10T12:53:54
/opt/airflow/dags/config/pipeline_config.py                               0           0  0.03s           2025-10-10T12:53:54
/opt/airflow/dags/simple_earnings_pipeline.py      297  0.39s             1           0  0.33s           2025-10-10T12:53:53
/opt/airflow/dags/complete_earnings_pipeline.py                           1           0  0.11s           2025-10-10T12:53:54
================================================================================
[2025-10-10T12:54:56.344+0000] {manager.py:879} INFO - 
================================================================================
DAG File Processing Stats

File Path                                        PID    Runtime      # DAGs    # Errors  Last Runtime    Last Run
-----------------------------------------------  -----  ---------  --------  ----------  --------------  -------------------
/opt/airflow/dags/exampledag.py                                           0           1  1.93s           2025-10-10T12:54:27
/opt/airflow/dags/lantern_docling_to_cloud.py                             0           1  0.68s           2025-10-10T12:54:31
/opt/airflow/dags/config/pipeline_config.py                               0           0  0.20s           2025-10-10T12:54:31
/opt/airflow/dags/simple_earnings_pipeline.py                             1           0  5.52s           2025-10-10T12:54:30
/opt/airflow/dags/complete_earnings_pipeline.py                           1           0  2.99s           2025-10-10T12:54:30
================================================================================
[2025-10-10T12:55:26.846+0000] {manager.py:879} INFO - 
================================================================================
DAG File Processing Stats

File Path                                        PID    Runtime      # DAGs    # Errors  Last Runtime    Last Run
-----------------------------------------------  -----  ---------  --------  ----------  --------------  -------------------
/opt/airflow/dags/exampledag.py                                           0           1  3.62s           2025-10-10T12:55:01
/opt/airflow/dags/lantern_docling_to_cloud.py                             0           1  2.46s           2025-10-10T12:55:07
/opt/airflow/dags/config/pipeline_config.py                               0           0  0.88s           2025-10-10T12:55:07
/opt/airflow/dags/simple_earnings_pipeline.py                             1           0  3.88s           2025-10-10T12:55:04
/opt/airflow/dags/complete_earnings_pipeline.py                           1           0  4.24s           2025-10-10T12:55:05
================================================================================
[2025-10-10T12:55:57.292+0000] {manager.py:879} INFO - 
================================================================================
DAG File Processing Stats

File Path                                        PID    Runtime      # DAGs    # Errors  Last Runtime    Last Run
-----------------------------------------------  -----  ---------  --------  ----------  --------------  -------------------
/opt/airflow/dags/exampledag.py                                           0           1  0.39s           2025-10-10T12:55:32
/opt/airflow/dags/lantern_docling_to_cloud.py                             0           1  0.46s           2025-10-10T12:55:38
/opt/airflow/dags/config/pipeline_config.py                               0           0  0.36s           2025-10-10T12:55:38
/opt/airflow/dags/simple_earnings_pipeline.py                             1           0  0.47s           2025-10-10T12:55:35
/opt/airflow/dags/complete_earnings_pipeline.py                           1           0  0.49s           2025-10-10T12:55:36
================================================================================
[2025-10-10T12:56:28.283+0000] {manager.py:879} INFO - 
================================================================================
DAG File Processing Stats

File Path                                        PID    Runtime      # DAGs    # Errors  Last Runtime    Last Run
-----------------------------------------------  -----  ---------  --------  ----------  --------------  -------------------
/opt/airflow/dags/exampledag.py                                           0           1  0.22s           2025-10-10T12:56:02
/opt/airflow/dags/lantern_docling_to_cloud.py                             0           1  0.08s           2025-10-10T12:56:08
/opt/airflow/dags/config/pipeline_config.py                               0           0  0.06s           2025-10-10T12:56:08
/opt/airflow/dags/simple_earnings_pipeline.py                             1           0  0.31s           2025-10-10T12:56:05
/opt/airflow/dags/complete_earnings_pipeline.py                           1           0  0.18s           2025-10-10T12:56:07
================================================================================
[2025-10-10T12:56:58.959+0000] {manager.py:879} INFO - 
================================================================================
DAG File Processing Stats

File Path                                        PID    Runtime      # DAGs    # Errors  Last Runtime    Last Run
-----------------------------------------------  -----  ---------  --------  ----------  --------------  -------------------
/opt/airflow/dags/exampledag.py                                           0           1  0.10s           2025-10-10T12:56:33
/opt/airflow/dags/lantern_docling_to_cloud.py                             0           1  0.08s           2025-10-10T12:56:39
/opt/airflow/dags/config/pipeline_config.py                               0           0  0.06s           2025-10-10T12:56:39
/opt/airflow/dags/simple_earnings_pipeline.py                             1           0  0.16s           2025-10-10T12:56:36
/opt/airflow/dags/complete_earnings_pipeline.py                           1           0  0.13s           2025-10-10T12:56:38
================================================================================
[2025-10-10T12:57:29.662+0000] {manager.py:879} INFO - 
================================================================================
DAG File Processing Stats

File Path                                        PID    Runtime      # DAGs    # Errors  Last Runtime    Last Run
-----------------------------------------------  -----  ---------  --------  ----------  --------------  -------------------
/opt/airflow/dags/exampledag.py                                           0           1  0.09s           2025-10-10T12:57:04
/opt/airflow/dags/lantern_docling_to_cloud.py                             0           1  0.07s           2025-10-10T12:57:10
/opt/airflow/dags/config/pipeline_config.py                               0           0  0.06s           2025-10-10T12:57:10
/opt/airflow/dags/simple_earnings_pipeline.py                             1           0  0.13s           2025-10-10T12:57:07
/opt/airflow/dags/complete_earnings_pipeline.py                           1           0  0.12s           2025-10-10T12:57:09
================================================================================
[2025-10-10T12:58:00.383+0000] {manager.py:879} INFO - 
================================================================================
DAG File Processing Stats

File Path                                        PID    Runtime      # DAGs    # Errors  Last Runtime    Last Run
-----------------------------------------------  -----  ---------  --------  ----------  --------------  -------------------
/opt/airflow/dags/exampledag.py                                           0           1  0.12s           2025-10-10T12:57:34
/opt/airflow/dags/lantern_docling_to_cloud.py                             0           1  0.07s           2025-10-10T12:57:41
/opt/airflow/dags/config/pipeline_config.py                               0           0  0.04s           2025-10-10T12:57:41
/opt/airflow/dags/simple_earnings_pipeline.py                             1           0  0.14s           2025-10-10T12:57:37
/opt/airflow/dags/complete_earnings_pipeline.py                           1           0  0.15s           2025-10-10T12:57:40
================================================================================
[2025-10-10T12:58:22.881+0000] {manager.py:738} INFO - Searching for files in /opt/airflow/dags
[2025-10-10T12:58:22.937+0000] {manager.py:741} INFO - There are 5 files in /opt/airflow/dags
[2025-10-10T12:58:31.053+0000] {manager.py:879} INFO - 
================================================================================
DAG File Processing Stats

File Path                                        PID    Runtime      # DAGs    # Errors  Last Runtime    Last Run
-----------------------------------------------  -----  ---------  --------  ----------  --------------  -------------------
/opt/airflow/dags/exampledag.py                                           0           1  0.12s           2025-10-10T12:58:05
/opt/airflow/dags/lantern_docling_to_cloud.py                             0           1  0.07s           2025-10-10T12:58:11
/opt/airflow/dags/config/pipeline_config.py                               0           0  0.05s           2025-10-10T12:58:11
/opt/airflow/dags/simple_earnings_pipeline.py                             1           0  0.12s           2025-10-10T12:58:08
/opt/airflow/dags/complete_earnings_pipeline.py                           1           0  0.12s           2025-10-10T12:58:10
================================================================================
[2025-10-10T12:59:01.744+0000] {manager.py:879} INFO - 
================================================================================
DAG File Processing Stats

File Path                                        PID    Runtime      # DAGs    # Errors  Last Runtime    Last Run
-----------------------------------------------  -----  ---------  --------  ----------  --------------  -------------------
/opt/airflow/dags/exampledag.py                                           0           1  0.11s           2025-10-10T12:58:36
/opt/airflow/dags/lantern_docling_to_cloud.py                             0           1  0.09s           2025-10-10T12:58:42
/opt/airflow/dags/config/pipeline_config.py                               0           0  0.06s           2025-10-10T12:58:42
/opt/airflow/dags/simple_earnings_pipeline.py                             1           0  0.12s           2025-10-10T12:58:39
/opt/airflow/dags/complete_earnings_pipeline.py                           1           0  0.12s           2025-10-10T12:58:41
================================================================================
[2025-10-10T12:59:32.549+0000] {manager.py:879} INFO - 
================================================================================
DAG File Processing Stats

File Path                                        PID    Runtime      # DAGs    # Errors  Last Runtime    Last Run
-----------------------------------------------  -----  ---------  --------  ----------  --------------  -------------------
/opt/airflow/dags/exampledag.py                                           0           1  0.11s           2025-10-10T12:59:06
/opt/airflow/dags/lantern_docling_to_cloud.py                             0           1  0.08s           2025-10-10T12:59:13
/opt/airflow/dags/config/pipeline_config.py                               0           0  0.05s           2025-10-10T12:59:13
/opt/airflow/dags/simple_earnings_pipeline.py                             1           0  0.21s           2025-10-10T12:59:10
/opt/airflow/dags/complete_earnings_pipeline.py                           1           0  0.18s           2025-10-10T12:59:12
================================================================================
[2025-10-10T13:00:03.122+0000] {manager.py:879} INFO - 
================================================================================
DAG File Processing Stats

File Path                                        PID    Runtime      # DAGs    # Errors  Last Runtime    Last Run
-----------------------------------------------  -----  ---------  --------  ----------  --------------  -------------------
/opt/airflow/dags/exampledag.py                                           0           1  0.10s           2025-10-10T12:59:37
/opt/airflow/dags/lantern_docling_to_cloud.py                             0           1  0.08s           2025-10-10T12:59:43
/opt/airflow/dags/config/pipeline_config.py                               0           0  0.07s           2025-10-10T12:59:43
/opt/airflow/dags/simple_earnings_pipeline.py                             1           0  0.17s           2025-10-10T12:59:40
/opt/airflow/dags/complete_earnings_pipeline.py                           1           0  0.09s           2025-10-10T12:59:42
================================================================================
[2025-10-10T13:00:33.394+0000] {manager.py:879} INFO - 
================================================================================
DAG File Processing Stats

File Path                                        PID    Runtime      # DAGs    # Errors  Last Runtime    Last Run
-----------------------------------------------  -----  ---------  --------  ----------  --------------  -------------------
/opt/airflow/dags/exampledag.py                                           0           1  0.55s           2025-10-10T13:00:08
/opt/airflow/dags/lantern_docling_to_cloud.py                             0           1  0.10s           2025-10-10T13:00:14
/opt/airflow/dags/config/pipeline_config.py                               0           0  0.07s           2025-10-10T13:00:14
/opt/airflow/dags/simple_earnings_pipeline.py                             1           0  0.16s           2025-10-10T13:00:11
/opt/airflow/dags/complete_earnings_pipeline.py                           1           0  0.11s           2025-10-10T13:00:13
================================================================================
[2025-10-10T13:01:04.275+0000] {manager.py:879} INFO - 
================================================================================
DAG File Processing Stats

File Path                                        PID    Runtime      # DAGs    # Errors  Last Runtime    Last Run
-----------------------------------------------  -----  ---------  --------  ----------  --------------  -------------------
/opt/airflow/dags/exampledag.py                                           0           1  0.17s           2025-10-10T13:00:39
/opt/airflow/dags/lantern_docling_to_cloud.py                             0           1  0.10s           2025-10-10T13:00:44
/opt/airflow/dags/config/pipeline_config.py                               0           0  0.06s           2025-10-10T13:00:44
/opt/airflow/dags/simple_earnings_pipeline.py                             1           0  0.29s           2025-10-10T13:00:42
/opt/airflow/dags/complete_earnings_pipeline.py                           1           0  0.19s           2025-10-10T13:00:44
================================================================================
[2025-10-10T13:01:34.983+0000] {manager.py:879} INFO - 
================================================================================
DAG File Processing Stats

File Path                                        PID    Runtime      # DAGs    # Errors  Last Runtime    Last Run
-----------------------------------------------  -----  ---------  --------  ----------  --------------  -------------------
/opt/airflow/dags/exampledag.py                                           0           1  0.11s           2025-10-10T13:01:10
/opt/airflow/dags/lantern_docling_to_cloud.py                             0           1  0.05s           2025-10-10T13:01:15
/opt/airflow/dags/config/pipeline_config.py                               0           0  0.05s           2025-10-10T13:01:15
/opt/airflow/dags/simple_earnings_pipeline.py                             1           0  0.12s           2025-10-10T13:01:13
/opt/airflow/dags/complete_earnings_pipeline.py                           1           0  0.15s           2025-10-10T13:01:15
================================================================================
[2025-10-10T13:02:05.660+0000] {manager.py:879} INFO - 
================================================================================
DAG File Processing Stats

File Path                                        PID    Runtime      # DAGs    # Errors  Last Runtime    Last Run
-----------------------------------------------  -----  ---------  --------  ----------  --------------  -------------------
/opt/airflow/dags/exampledag.py                                           0           1  0.11s           2025-10-10T13:01:41
/opt/airflow/dags/lantern_docling_to_cloud.py                             0           1  0.12s           2025-10-10T13:01:46
/opt/airflow/dags/config/pipeline_config.py                               0           0  0.12s           2025-10-10T13:01:46
/opt/airflow/dags/simple_earnings_pipeline.py                             1           0  0.11s           2025-10-10T13:01:44
/opt/airflow/dags/complete_earnings_pipeline.py                           1           0  0.27s           2025-10-10T13:01:46
================================================================================
[2025-10-10T13:02:36.358+0000] {manager.py:879} INFO - 
================================================================================
DAG File Processing Stats

File Path                                        PID    Runtime      # DAGs    # Errors  Last Runtime    Last Run
-----------------------------------------------  -----  ---------  --------  ----------  --------------  -------------------
/opt/airflow/dags/exampledag.py                                           0           1  0.09s           2025-10-10T13:02:11
/opt/airflow/dags/lantern_docling_to_cloud.py                             0           1  0.09s           2025-10-10T13:02:17
/opt/airflow/dags/config/pipeline_config.py                               0           0  0.03s           2025-10-10T13:02:17
/opt/airflow/dags/simple_earnings_pipeline.py                             1           0  0.19s           2025-10-10T13:02:15
/opt/airflow/dags/complete_earnings_pipeline.py                           1           0  0.15s           2025-10-10T13:02:17
================================================================================
[2025-10-10T13:03:07.025+0000] {manager.py:879} INFO - 
================================================================================
DAG File Processing Stats

File Path                                        PID    Runtime      # DAGs    # Errors  Last Runtime    Last Run
-----------------------------------------------  -----  ---------  --------  ----------  --------------  -------------------
/opt/airflow/dags/exampledag.py                                           0           1  0.11s           2025-10-10T13:02:42
/opt/airflow/dags/lantern_docling_to_cloud.py                             0           1  0.06s           2025-10-10T13:02:47
/opt/airflow/dags/config/pipeline_config.py                               0           0  0.03s           2025-10-10T13:02:47
/opt/airflow/dags/simple_earnings_pipeline.py                             1           0  0.15s           2025-10-10T13:02:45
/opt/airflow/dags/complete_earnings_pipeline.py                           1           0  0.11s           2025-10-10T13:02:47
================================================================================
[2025-10-10T13:03:23.447+0000] {manager.py:738} INFO - Searching for files in /opt/airflow/dags
[2025-10-10T13:03:23.485+0000] {manager.py:741} INFO - There are 5 files in /opt/airflow/dags
[2025-10-10T13:03:37.688+0000] {manager.py:879} INFO - 
================================================================================
DAG File Processing Stats

File Path                                        PID    Runtime      # DAGs    # Errors  Last Runtime    Last Run
-----------------------------------------------  -----  ---------  --------  ----------  --------------  -------------------
/opt/airflow/dags/exampledag.py                                           0           1  0.14s           2025-10-10T13:03:13
/opt/airflow/dags/lantern_docling_to_cloud.py                             0           1  0.05s           2025-10-10T13:03:18
/opt/airflow/dags/config/pipeline_config.py                               0           0  0.04s           2025-10-10T13:03:18
/opt/airflow/dags/simple_earnings_pipeline.py                             1           0  0.15s           2025-10-10T13:03:16
/opt/airflow/dags/complete_earnings_pipeline.py                           1           0  0.10s           2025-10-10T13:03:18
================================================================================
[2025-10-10T13:04:08.323+0000] {manager.py:879} INFO - 
================================================================================
DAG File Processing Stats

File Path                                        PID    Runtime      # DAGs    # Errors  Last Runtime    Last Run
-----------------------------------------------  -----  ---------  --------  ----------  --------------  -------------------
/opt/airflow/dags/exampledag.py                                           0           1  0.08s           2025-10-10T13:03:43
/opt/airflow/dags/lantern_docling_to_cloud.py                             0           1  0.06s           2025-10-10T13:03:49
/opt/airflow/dags/config/pipeline_config.py                               0           0  0.03s           2025-10-10T13:03:49
/opt/airflow/dags/simple_earnings_pipeline.py                             1           0  0.16s           2025-10-10T13:03:47
/opt/airflow/dags/complete_earnings_pipeline.py                           1           0  0.12s           2025-10-10T13:03:49
================================================================================
[2025-10-10T13:04:39.901+0000] {manager.py:879} INFO - 
================================================================================
DAG File Processing Stats

File Path                                        PID    Runtime      # DAGs    # Errors  Last Runtime    Last Run
-----------------------------------------------  -----  ---------  --------  ----------  --------------  -------------------
/opt/airflow/dags/exampledag.py                                           0           1  0.28s           2025-10-10T13:04:14
/opt/airflow/dags/lantern_docling_to_cloud.py                             0           1  2.75s           2025-10-10T13:04:33
/opt/airflow/dags/config/pipeline_config.py                               0           0  2.28s           2025-10-10T13:04:33
/opt/airflow/dags/simple_earnings_pipeline.py                             1           0  11.28s          2025-10-10T13:04:29
/opt/airflow/dags/complete_earnings_pipeline.py                           1           0  9.55s           2025-10-10T13:04:29
================================================================================
[2025-10-10T13:05:10.776+0000] {manager.py:879} INFO - 
================================================================================
DAG File Processing Stats

File Path                                          PID  Runtime      # DAGs    # Errors  Last Runtime    Last Run
-----------------------------------------------  -----  ---------  --------  ----------  --------------  -------------------
/opt/airflow/dags/exampledag.py                                           0           1  11.60s          2025-10-10T13:04:57
/opt/airflow/dags/lantern_docling_to_cloud.py                             0           1  2.75s           2025-10-10T13:04:33
/opt/airflow/dags/config/pipeline_config.py                               0           0  2.28s           2025-10-10T13:04:33
/opt/airflow/dags/simple_earnings_pipeline.py     1880  9.52s             1           0  11.28s          2025-10-10T13:04:29
/opt/airflow/dags/complete_earnings_pipeline.py   1881  9.23s             1           0  9.55s           2025-10-10T13:04:29
================================================================================
[2025-10-10T13:05:41.101+0000] {manager.py:879} INFO - 
================================================================================
DAG File Processing Stats

File Path                                        PID    Runtime      # DAGs    # Errors  Last Runtime    Last Run
-----------------------------------------------  -----  ---------  --------  ----------  --------------  -------------------
/opt/airflow/dags/exampledag.py                                           0           1  3.20s           2025-10-10T13:05:32
/opt/airflow/dags/lantern_docling_to_cloud.py                             0           1  0.88s           2025-10-10T13:05:17
/opt/airflow/dags/config/pipeline_config.py                               0           0  0.52s           2025-10-10T13:05:17
/opt/airflow/dags/simple_earnings_pipeline.py                             1           0  15.28s          2025-10-10T13:05:16
/opt/airflow/dags/complete_earnings_pipeline.py                           1           0  38.51s          2025-10-10T13:05:39
================================================================================
[2025-10-10T13:06:11.830+0000] {manager.py:879} INFO - 
================================================================================
DAG File Processing Stats

File Path                                        PID    Runtime      # DAGs    # Errors  Last Runtime    Last Run
-----------------------------------------------  -----  ---------  --------  ----------  --------------  -------------------
/opt/airflow/dags/exampledag.py                                           0           1  0.28s           2025-10-10T13:06:02
/opt/airflow/dags/lantern_docling_to_cloud.py                             0           1  3.23s           2025-10-10T13:05:51
/opt/airflow/dags/config/pipeline_config.py                               0           0  1.28s           2025-10-10T13:05:52
/opt/airflow/dags/simple_earnings_pipeline.py                             1           0  8.71s           2025-10-10T13:05:56
/opt/airflow/dags/complete_earnings_pipeline.py                           1           0  0.26s           2025-10-10T13:06:11
================================================================================
[2025-10-10T13:06:20.040+0000] {manager.py:451} INFO - Exiting gracefully upon receiving signal 15
