[2025-10-10T13:05:38.199+0000] {taskinstance.py:1957} INFO - Dependencies all met for dep_context=non-requeueable deps ti=<TaskInstance: complete_earnings_pipeline.download_reports.download_company_reports manual__2025-10-10T12:54:49.352261+00:00 map_index=24 [queued]>
[2025-10-10T13:05:38.365+0000] {taskinstance.py:1957} INFO - Dependencies all met for dep_context=requeueable deps ti=<TaskInstance: complete_earnings_pipeline.download_reports.download_company_reports manual__2025-10-10T12:54:49.352261+00:00 map_index=24 [queued]>
[2025-10-10T13:05:38.381+0000] {taskinstance.py:2171} INFO - Starting attempt 1 of 3
[2025-10-10T13:05:39.459+0000] {taskinstance.py:2192} INFO - Executing <Mapped(_PythonDecoratedOperator): download_reports.download_company_reports> on 2025-10-10 12:54:49.352261+00:00
[2025-10-10T13:05:39.654+0000] {standard_task_runner.py:60} INFO - Started process 2084 to run task
[2025-10-10T13:05:39.711+0000] {standard_task_runner.py:87} INFO - Running: ['***', 'tasks', 'run', 'complete_earnings_pipeline', 'download_reports.download_company_reports', 'manual__2025-10-10T12:54:49.352261+00:00', '--job-id', '63', '--raw', '--subdir', 'DAGS_FOLDER/complete_earnings_pipeline.py', '--cfg-path', '/tmp/tmpjscfafyu', '--map-index', '24']
[2025-10-10T13:05:39.760+0000] {standard_task_runner.py:88} INFO - Job 63: Subtask download_reports.download_company_reports
[2025-10-10T13:05:40.938+0000] {task_command.py:423} INFO - Running <TaskInstance: complete_earnings_pipeline.download_reports.download_company_reports manual__2025-10-10T12:54:49.352261+00:00 map_index=24 [running]> on host 16dc2f51b29c
[2025-10-10T13:05:42.584+0000] {taskinstance.py:2481} INFO - Exporting env vars: AIRFLOW_CTX_DAG_OWNER='lantern-team' AIRFLOW_CTX_DAG_ID='complete_earnings_pipeline' AIRFLOW_CTX_TASK_ID='download_reports.download_company_reports' AIRFLOW_CTX_EXECUTION_DATE='2025-10-10T12:54:49.352261+00:00' AIRFLOW_CTX_TRY_NUMBER='1' AIRFLOW_CTX_DAG_RUN_ID='manual__2025-10-10T12:54:49.352261+00:00'
[2025-10-10T13:05:43.602+0000] {downloader.py:20} INFO - Initialized downloader with output directory: /opt/***/data/dow30_pipeline_reports_2025
[2025-10-10T13:05:43.624+0000] {main.py:276} INFO - Initialized MultithreadedDow30Pipeline with 1 workers
[2025-10-10T13:05:43.625+0000] {main.py:348} INFO - [NVDA] Starting processing...
[2025-10-10T13:05:43.657+0000] {main.py:306} WARNING - [MainThread] System Chrome failed: Message: Unable to obtain driver for chrome; For documentation on this error, please visit: https://www.selenium.dev/documentation/webdriver/troubleshooting/errors/driver_location

[2025-10-10T13:05:43.661+0000] {logger.py:11} INFO - ====== WebDriver manager ======
[2025-10-10T13:05:46.427+0000] {logger.py:11} INFO - Get LATEST chromedriver version for google-chrome
[2025-10-10T13:05:48.061+0000] {logger.py:11} INFO - About to download new driver from https://chromedriver.storage.googleapis.com/114.0.5735.90/chromedriver_linux64.zip
[2025-10-10T13:05:48.334+0000] {logger.py:11} INFO - Driver downloading response is 200
[2025-10-10T13:05:53.347+0000] {logger.py:11} INFO - Get LATEST chromedriver version for google-chrome
[2025-10-10T13:05:53.940+0000] {main.py:314} WARNING - [MainThread] ChromeDriverManager failed: Truncated central directory
[2025-10-10T13:05:53.993+0000] {main.py:340} ERROR - ❌ [MainThread] Failed to setup WebDriver: All Chrome initialization methods failed
[2025-10-10T13:05:54.003+0000] {main.py:362} ERROR - [NVDA] Failed to setup driver
[2025-10-10T13:05:54.005+0000] {complete_earnings_pipeline.py:116} INFO - Download result for NVDA: failed
[2025-10-10T13:05:54.015+0000] {python.py:201} INFO - Done. Returned value was: {'ticker': 'NVDA', 'status': 'failed', 'error': 'Driver setup failed'}
[2025-10-10T13:05:54.616+0000] {taskinstance.py:1138} INFO - Marking task as SUCCESS. dag_id=complete_earnings_pipeline, task_id=download_reports.download_company_reports, map_index=24, execution_date=20251010T125449, start_date=20251010T130538, end_date=20251010T130554
[2025-10-10T13:05:54.913+0000] {local_task_job_runner.py:234} INFO - Task exited with return code 0
[2025-10-10T13:05:57.051+0000] {taskinstance.py:3281} INFO - 0 downstream tasks scheduled from follow-on schedule check
