[2025-10-10T13:04:12.778+0000] {taskinstance.py:1957} INFO - Dependencies all met for dep_context=non-requeueable deps ti=<TaskInstance: complete_earnings_pipeline.upload_to_gcs.upload_raw_pdfs manual__2025-10-10T12:54:49.352261+00:00 [queued]>
[2025-10-10T13:04:12.784+0000] {taskinstance.py:1957} INFO - Dependencies all met for dep_context=requeueable deps ti=<TaskInstance: complete_earnings_pipeline.upload_to_gcs.upload_raw_pdfs manual__2025-10-10T12:54:49.352261+00:00 [queued]>
[2025-10-10T13:04:12.784+0000] {taskinstance.py:2171} INFO - Starting attempt 1 of 3
[2025-10-10T13:04:12.797+0000] {taskinstance.py:2192} INFO - Executing <Task(_PythonDecoratedOperator): upload_to_gcs.upload_raw_pdfs> on 2025-10-10 12:54:49.352261+00:00
[2025-10-10T13:04:12.824+0000] {standard_task_runner.py:60} INFO - Started process 1609 to run task
[2025-10-10T13:04:12.859+0000] {standard_task_runner.py:87} INFO - Running: ['***', 'tasks', 'run', 'complete_earnings_pipeline', 'upload_to_gcs.upload_raw_pdfs', 'manual__2025-10-10T12:54:49.352261+00:00', '--job-id', '43', '--raw', '--subdir', 'DAGS_FOLDER/complete_earnings_pipeline.py', '--cfg-path', '/tmp/tmpqkd2_tkp']
[2025-10-10T13:04:12.906+0000] {standard_task_runner.py:88} INFO - Job 43: Subtask upload_to_gcs.upload_raw_pdfs
[2025-10-10T13:04:13.118+0000] {task_command.py:423} INFO - Running <TaskInstance: complete_earnings_pipeline.upload_to_gcs.upload_raw_pdfs manual__2025-10-10T12:54:49.352261+00:00 [running]> on host 16dc2f51b29c
[2025-10-10T13:04:13.283+0000] {taskinstance.py:2481} INFO - Exporting env vars: AIRFLOW_CTX_DAG_OWNER='lantern-team' AIRFLOW_CTX_DAG_ID='complete_earnings_pipeline' AIRFLOW_CTX_TASK_ID='upload_to_gcs.upload_raw_pdfs' AIRFLOW_CTX_EXECUTION_DATE='2025-10-10T12:54:49.352261+00:00' AIRFLOW_CTX_TRY_NUMBER='1' AIRFLOW_CTX_DAG_RUN_ID='manual__2025-10-10T12:54:49.352261+00:00'
[2025-10-10T13:04:13.977+0000] {complete_earnings_pipeline.py:406} ERROR - Failed to upload CAT_2025-Q4-LATEST-EXPECTED_financial_report.pdf: 404 POST https://storage.googleapis.com/upload/storage/v1/b/lantern-earnings-pipeline/o?uploadType=multipart: {
  "error": {
    "code": 404,
    "message": "The specified bucket does not exist.",
    "errors": [
      {
        "message": "The specified bucket does not exist.",
        "domain": "global",
        "reason": "notFound"
      }
    ]
  }
}
: ('Request failed with status code', 404, 'Expected one of', <HTTPStatus.OK: 200>)
[2025-10-10T13:04:14.191+0000] {complete_earnings_pipeline.py:406} ERROR - Failed to upload AAPL_2025-Q4-LATEST-EXPECTED_financial_report.pdf: 404 POST https://storage.googleapis.com/upload/storage/v1/b/lantern-earnings-pipeline/o?uploadType=multipart: {
  "error": {
    "code": 404,
    "message": "The specified bucket does not exist.",
    "errors": [
      {
        "message": "The specified bucket does not exist.",
        "domain": "global",
        "reason": "notFound"
      }
    ]
  }
}
: ('Request failed with status code', 404, 'Expected one of', <HTTPStatus.OK: 200>)
[2025-10-10T13:04:14.191+0000] {python.py:201} INFO - Done. Returned value was: [{'ticker': 'CAT', 'status': 'failed', 'error': '404 POST https://storage.googleapis.com/upload/storage/v1/b/lantern-earnings-pipeline/o?uploadType=multipart: {\n  "error": {\n    "code": 404,\n    "message": "The specified bucket does not exist.",\n    "errors": [\n      {\n        "message": "The specified bucket does not exist.",\n        "domain": "global",\n        "reason": "notFound"\n      }\n    ]\n  }\n}\n: (\'Request failed with status code\', 404, \'Expected one of\', <HTTPStatus.OK: 200>)'}, {'ticker': 'AAPL', 'status': 'failed', 'error': '404 POST https://storage.googleapis.com/upload/storage/v1/b/lantern-earnings-pipeline/o?uploadType=multipart: {\n  "error": {\n    "code": 404,\n    "message": "The specified bucket does not exist.",\n    "errors": [\n      {\n        "message": "The specified bucket does not exist.",\n        "domain": "global",\n        "reason": "notFound"\n      }\n    ]\n  }\n}\n: (\'Request failed with status code\', 404, \'Expected one of\', <HTTPStatus.OK: 200>)'}]
[2025-10-10T13:04:14.350+0000] {taskinstance.py:1138} INFO - Marking task as SUCCESS. dag_id=complete_earnings_pipeline, task_id=upload_to_gcs.upload_raw_pdfs, execution_date=20251010T125449, start_date=20251010T130412, end_date=20251010T130414
[2025-10-10T13:04:14.428+0000] {local_task_job_runner.py:234} INFO - Task exited with return code 0
[2025-10-10T13:04:14.636+0000] {taskinstance.py:3281} INFO - 0 downstream tasks scheduled from follow-on schedule check
