[2025-10-10T17:52:37.975+0000] {taskinstance.py:1957} INFO - Dependencies all met for dep_context=non-requeueable deps ti=<TaskInstance: complete_earnings_pipeline.upload_parsed_content manual__2025-10-10T17:04:17+00:00 [queued]>
[2025-10-10T17:52:37.983+0000] {taskinstance.py:1957} INFO - Dependencies all met for dep_context=requeueable deps ti=<TaskInstance: complete_earnings_pipeline.upload_parsed_content manual__2025-10-10T17:04:17+00:00 [queued]>
[2025-10-10T17:52:37.984+0000] {taskinstance.py:2171} INFO - Starting attempt 1 of 2
[2025-10-10T17:52:37.994+0000] {taskinstance.py:2192} INFO - Executing <Task(BashOperator): upload_parsed_content> on 2025-10-10 17:04:17+00:00
[2025-10-10T17:52:38.000+0000] {standard_task_runner.py:60} INFO - Started process 21686 to run task
[2025-10-10T17:52:38.005+0000] {standard_task_runner.py:87} INFO - Running: ['***', 'tasks', 'run', 'complete_earnings_pipeline', 'upload_parsed_content', 'manual__2025-10-10T17:04:17+00:00', '--job-id', '95', '--raw', '--subdir', 'DAGS_FOLDER/complete_earnings_pipeline.py', '--cfg-path', '/tmp/tmpqsdaf0es']
[2025-10-10T17:52:38.009+0000] {standard_task_runner.py:88} INFO - Job 95: Subtask upload_parsed_content
[2025-10-10T17:52:38.052+0000] {task_command.py:423} INFO - Running <TaskInstance: complete_earnings_pipeline.upload_parsed_content manual__2025-10-10T17:04:17+00:00 [running]> on host 305868ccefda
[2025-10-10T17:52:38.115+0000] {taskinstance.py:2481} INFO - Exporting env vars: AIRFLOW_CTX_DAG_OWNER='lantern-team' AIRFLOW_CTX_DAG_ID='complete_earnings_pipeline' AIRFLOW_CTX_TASK_ID='upload_parsed_content' AIRFLOW_CTX_EXECUTION_DATE='2025-10-10T17:04:17+00:00' AIRFLOW_CTX_TRY_NUMBER='1' AIRFLOW_CTX_DAG_RUN_ID='manual__2025-10-10T17:04:17+00:00'
[2025-10-10T17:52:38.117+0000] {subprocess.py:63} INFO - Tmp dir root location: /tmp
[2025-10-10T17:52:38.119+0000] {subprocess.py:75} INFO - Running command: ['/usr/bin/bash', '-c', '\n    cd /opt/***/dags/lantern-dow30 &&     python3 gcs_upload_helper.py --type parsed --input-dir /opt/***/parsed_local --bucket damgteam5\n    ']
[2025-10-10T17:52:38.126+0000] {subprocess.py:86} INFO - Output:
[2025-10-10T17:52:38.151+0000] {subprocess.py:93} INFO - python3: can't open file '/opt/***/dags/lantern-dow30/gcs_upload_helper.py': [Errno 2] No such file or directory
[2025-10-10T17:52:38.153+0000] {subprocess.py:97} INFO - Command exited with return code 2
[2025-10-10T17:52:38.161+0000] {taskinstance.py:2699} ERROR - Task failed with exception
Traceback (most recent call last):
  File "/home/airflow/.local/lib/python3.9/site-packages/airflow/models/taskinstance.py", line 433, in _execute_task
    result = execute_callable(context=context, **execute_callable_kwargs)
  File "/home/airflow/.local/lib/python3.9/site-packages/airflow/operators/bash.py", line 212, in execute
    raise AirflowException(
airflow.exceptions.AirflowException: Bash command failed. The command returned a non-zero exit code 2.
[2025-10-10T17:52:38.168+0000] {taskinstance.py:1138} INFO - Marking task as UP_FOR_RETRY. dag_id=complete_earnings_pipeline, task_id=upload_parsed_content, execution_date=20251010T170417, start_date=20251010T175237, end_date=20251010T175238
[2025-10-10T17:52:38.174+0000] {standard_task_runner.py:107} ERROR - Failed to execute job 95 for task upload_parsed_content (Bash command failed. The command returned a non-zero exit code 2.; 21686)
[2025-10-10T17:52:38.183+0000] {local_task_job_runner.py:234} INFO - Task exited with return code 1
[2025-10-10T17:52:38.197+0000] {taskinstance.py:3281} INFO - 0 downstream tasks scheduled from follow-on schedule check
