[2025-10-10T12:55:03.698+0000] {taskinstance.py:1957} INFO - Dependencies all met for dep_context=non-requeueable deps ti=<TaskInstance: complete_earnings_pipeline.download_reports.download_company_reports scheduled__2025-09-29T00:00:00+00:00 map_index=16 [queued]>
[2025-10-10T12:55:03.752+0000] {taskinstance.py:1957} INFO - Dependencies all met for dep_context=requeueable deps ti=<TaskInstance: complete_earnings_pipeline.download_reports.download_company_reports scheduled__2025-09-29T00:00:00+00:00 map_index=16 [queued]>
[2025-10-10T12:55:03.759+0000] {taskinstance.py:2171} INFO - Starting attempt 1 of 3
[2025-10-10T12:55:03.907+0000] {taskinstance.py:2192} INFO - Executing <Mapped(_PythonDecoratedOperator): download_reports.download_company_reports> on 2025-09-29 00:00:00+00:00
[2025-10-10T12:55:04.142+0000] {standard_task_runner.py:60} INFO - Started process 733 to run task
[2025-10-10T12:55:04.434+0000] {standard_task_runner.py:87} INFO - Running: ['***', 'tasks', 'run', 'complete_earnings_pipeline', 'download_reports.download_company_reports', 'scheduled__2025-09-29T00:00:00+00:00', '--job-id', '24', '--raw', '--subdir', 'DAGS_FOLDER/complete_earnings_pipeline.py', '--cfg-path', '/tmp/tmpzbjgegt1', '--map-index', '16']
[2025-10-10T12:55:04.594+0000] {standard_task_runner.py:88} INFO - Job 24: Subtask download_reports.download_company_reports
[2025-10-10T12:55:05.296+0000] {task_command.py:423} INFO - Running <TaskInstance: complete_earnings_pipeline.download_reports.download_company_reports scheduled__2025-09-29T00:00:00+00:00 map_index=16 [running]> on host 16dc2f51b29c
[2025-10-10T12:55:07.444+0000] {taskinstance.py:2481} INFO - Exporting env vars: AIRFLOW_CTX_DAG_OWNER='lantern-team' AIRFLOW_CTX_DAG_ID='complete_earnings_pipeline' AIRFLOW_CTX_TASK_ID='download_reports.download_company_reports' AIRFLOW_CTX_EXECUTION_DATE='2025-09-29T00:00:00+00:00' AIRFLOW_CTX_TRY_NUMBER='1' AIRFLOW_CTX_DAG_RUN_ID='scheduled__2025-09-29T00:00:00+00:00'
[2025-10-10T12:55:09.091+0000] {downloader.py:20} INFO - Initialized downloader with output directory: /opt/***/data/dow30_pipeline_reports_2025
[2025-10-10T12:55:09.143+0000] {main.py:276} INFO - Initialized MultithreadedDow30Pipeline with 1 workers
[2025-10-10T12:55:09.147+0000] {main.py:348} INFO - [JNJ] Starting processing...
[2025-10-10T12:55:09.207+0000] {main.py:306} WARNING - [MainThread] System Chrome failed: Message: Unable to obtain driver for chrome; For documentation on this error, please visit: https://www.selenium.dev/documentation/webdriver/troubleshooting/errors/driver_location

[2025-10-10T12:55:09.212+0000] {logger.py:11} INFO - ====== WebDriver manager ======
[2025-10-10T12:55:10.393+0000] {logger.py:11} INFO - Get LATEST chromedriver version for google-chrome
[2025-10-10T12:55:12.214+0000] {logger.py:11} INFO - About to download new driver from https://chromedriver.storage.googleapis.com/114.0.5735.90/chromedriver_linux64.zip
[2025-10-10T12:55:13.133+0000] {logger.py:11} INFO - Driver downloading response is 200
[2025-10-10T12:55:15.289+0000] {logger.py:11} INFO - Get LATEST chromedriver version for google-chrome
[2025-10-10T12:55:16.168+0000] {main.py:314} WARNING - [MainThread] ChromeDriverManager failed: File is not a zip file
[2025-10-10T12:55:16.223+0000] {main.py:340} ERROR - ❌ [MainThread] Failed to setup WebDriver: All Chrome initialization methods failed
[2025-10-10T12:55:16.226+0000] {main.py:362} ERROR - [JNJ] Failed to setup driver
[2025-10-10T12:55:16.228+0000] {complete_earnings_pipeline.py:116} INFO - Download result for JNJ: failed
[2025-10-10T12:55:16.235+0000] {python.py:201} INFO - Done. Returned value was: {'ticker': 'JNJ', 'status': 'failed', 'error': 'Driver setup failed'}
[2025-10-10T12:55:17.157+0000] {taskinstance.py:1138} INFO - Marking task as SUCCESS. dag_id=complete_earnings_pipeline, task_id=download_reports.download_company_reports, map_index=16, execution_date=20250929T000000, start_date=20251010T125503, end_date=20251010T125517
[2025-10-10T12:55:17.486+0000] {local_task_job_runner.py:234} INFO - Task exited with return code 0
[2025-10-10T12:55:17.877+0000] {taskinstance.py:3281} INFO - 0 downstream tasks scheduled from follow-on schedule check
