[2025-10-10T12:55:08.929+0000] {taskinstance.py:1957} INFO - Dependencies all met for dep_context=non-requeueable deps ti=<TaskInstance: complete_earnings_pipeline.parse_with_docling.parse_single_pdf scheduled__2025-09-29T00:00:00+00:00 map_index=0 [queued]>
[2025-10-10T12:55:08.991+0000] {taskinstance.py:1957} INFO - Dependencies all met for dep_context=requeueable deps ti=<TaskInstance: complete_earnings_pipeline.parse_with_docling.parse_single_pdf scheduled__2025-09-29T00:00:00+00:00 map_index=0 [queued]>
[2025-10-10T12:55:08.997+0000] {taskinstance.py:2171} INFO - Starting attempt 1 of 3
[2025-10-10T12:55:09.171+0000] {taskinstance.py:2192} INFO - Executing <Mapped(_PythonDecoratedOperator): parse_with_docling.parse_single_pdf> on 2025-09-29 00:00:00+00:00
[2025-10-10T12:55:09.215+0000] {standard_task_runner.py:60} INFO - Started process 765 to run task
[2025-10-10T12:55:09.320+0000] {standard_task_runner.py:87} INFO - Running: ['***', 'tasks', 'run', 'complete_earnings_pipeline', 'parse_with_docling.parse_single_pdf', 'scheduled__2025-09-29T00:00:00+00:00', '--job-id', '35', '--raw', '--subdir', 'DAGS_FOLDER/complete_earnings_pipeline.py', '--cfg-path', '/tmp/tmpiyy20eb1', '--map-index', '0']
[2025-10-10T12:55:09.436+0000] {standard_task_runner.py:88} INFO - Job 35: Subtask parse_with_docling.parse_single_pdf
[2025-10-10T12:55:09.891+0000] {task_command.py:423} INFO - Running <TaskInstance: complete_earnings_pipeline.parse_with_docling.parse_single_pdf scheduled__2025-09-29T00:00:00+00:00 map_index=0 [running]> on host 16dc2f51b29c
[2025-10-10T12:55:10.612+0000] {taskinstance.py:2481} INFO - Exporting env vars: AIRFLOW_CTX_DAG_OWNER='lantern-team' AIRFLOW_CTX_DAG_ID='complete_earnings_pipeline' AIRFLOW_CTX_TASK_ID='parse_with_docling.parse_single_pdf' AIRFLOW_CTX_EXECUTION_DATE='2025-09-29T00:00:00+00:00' AIRFLOW_CTX_TRY_NUMBER='1' AIRFLOW_CTX_DAG_RUN_ID='scheduled__2025-09-29T00:00:00+00:00'
[2025-10-10T12:55:38.504+0000] {logging_mixin.py:188} INFO - ✅ Docling imported successfully
[2025-10-10T12:55:38.978+0000] {logging_mixin.py:188} INFO - ✅ Additional dependencies available (pandas, PIL, PyMuPDF)
[2025-10-10T12:55:38.979+0000] {complete_earnings_pipeline.py:192} INFO - Parsing CAT: /opt/***/data/dow30_pipeline_reports_2025/CAT_2025-Q4-LATEST-EXPECTED_financial_report.pdf
[2025-10-10T12:55:38.988+0000] {docling_parser.py:82} INFO - ✅ Docling converter initialized with table & image extraction
[2025-10-10T12:55:38.993+0000] {docling_parser.py:87} INFO - 📁 Input directory: /opt/***/data/dow30_pipeline_reports_2025
[2025-10-10T12:55:38.993+0000] {docling_parser.py:88} INFO - 📁 Output directory: /opt/***/data/parsed_local
[2025-10-10T12:55:38.994+0000] {complete_earnings_pipeline.py:218} ERROR - Error parsing CAT: 'DoclingPDFParser' object has no attribute 'parse_single_pdf'
[2025-10-10T12:55:38.995+0000] {python.py:201} INFO - Done. Returned value was: {'ticker': 'CAT', 'status': 'failed', 'error': "'DoclingPDFParser' object has no attribute 'parse_single_pdf'"}
[2025-10-10T12:55:39.068+0000] {taskinstance.py:1138} INFO - Marking task as SUCCESS. dag_id=complete_earnings_pipeline, task_id=parse_with_docling.parse_single_pdf, map_index=0, execution_date=20250929T000000, start_date=20251010T125508, end_date=20251010T125539
[2025-10-10T12:55:39.150+0000] {local_task_job_runner.py:234} INFO - Task exited with return code 0
[2025-10-10T12:55:39.289+0000] {taskinstance.py:3281} INFO - 1 downstream tasks scheduled from follow-on schedule check
