[2025-10-10T12:53:23.594+0000] {processor.py:161} INFO - Started process (PID=180) to work on /opt/airflow/dags/complete_earnings_pipeline.py
[2025-10-10T12:53:23.601+0000] {processor.py:830} INFO - Processing file /opt/airflow/dags/complete_earnings_pipeline.py for tasks to queue
[2025-10-10T12:53:23.610+0000] {logging_mixin.py:188} INFO - [2025-10-10T12:53:23.610+0000] {dagbag.py:538} INFO - Filling up the DagBag from /opt/airflow/dags/complete_earnings_pipeline.py
[2025-10-10T12:53:23.728+0000] {processor.py:840} INFO - DAG(s) 'complete_earnings_pipeline' retrieved from /opt/airflow/dags/complete_earnings_pipeline.py
[2025-10-10T12:53:23.739+0000] {logging_mixin.py:188} INFO - [2025-10-10T12:53:23.739+0000] {dag.py:3033} INFO - Sync 1 DAGs
[2025-10-10T12:53:23.796+0000] {logging_mixin.py:188} INFO - [2025-10-10T12:53:23.796+0000] {dag.py:3820} INFO - Setting next_dagrun for complete_earnings_pipeline to 2025-09-29T00:00:00+00:00, run_after=2025-10-06T00:00:00+00:00
[2025-10-10T12:53:23.882+0000] {processor.py:183} INFO - Processing /opt/airflow/dags/complete_earnings_pipeline.py took 0.319 seconds
[2025-10-10T12:53:53.931+0000] {processor.py:161} INFO - Started process (PID=228) to work on /opt/airflow/dags/complete_earnings_pipeline.py
[2025-10-10T12:53:53.933+0000] {processor.py:830} INFO - Processing file /opt/airflow/dags/complete_earnings_pipeline.py for tasks to queue
[2025-10-10T12:53:53.936+0000] {logging_mixin.py:188} INFO - [2025-10-10T12:53:53.935+0000] {dagbag.py:538} INFO - Filling up the DagBag from /opt/airflow/dags/complete_earnings_pipeline.py
[2025-10-10T12:53:53.958+0000] {processor.py:840} INFO - DAG(s) 'complete_earnings_pipeline' retrieved from /opt/airflow/dags/complete_earnings_pipeline.py
[2025-10-10T12:53:54.003+0000] {logging_mixin.py:188} INFO - [2025-10-10T12:53:54.002+0000] {dag.py:3033} INFO - Sync 1 DAGs
[2025-10-10T12:53:54.012+0000] {logging_mixin.py:188} INFO - [2025-10-10T12:53:54.012+0000] {dag.py:3820} INFO - Setting next_dagrun for complete_earnings_pipeline to 2025-09-29T00:00:00+00:00, run_after=2025-10-06T00:00:00+00:00
[2025-10-10T12:53:54.022+0000] {processor.py:183} INFO - Processing /opt/airflow/dags/complete_earnings_pipeline.py took 0.094 seconds
[2025-10-10T12:54:27.806+0000] {processor.py:161} INFO - Started process (PID=312) to work on /opt/airflow/dags/complete_earnings_pipeline.py
[2025-10-10T12:54:27.837+0000] {processor.py:830} INFO - Processing file /opt/airflow/dags/complete_earnings_pipeline.py for tasks to queue
[2025-10-10T12:54:27.853+0000] {logging_mixin.py:188} INFO - [2025-10-10T12:54:27.851+0000] {dagbag.py:538} INFO - Filling up the DagBag from /opt/airflow/dags/complete_earnings_pipeline.py
[2025-10-10T12:54:29.529+0000] {processor.py:840} INFO - DAG(s) 'complete_earnings_pipeline' retrieved from /opt/airflow/dags/complete_earnings_pipeline.py
[2025-10-10T12:54:30.170+0000] {logging_mixin.py:188} INFO - [2025-10-10T12:54:30.150+0000] {dag.py:3033} INFO - Sync 1 DAGs
[2025-10-10T12:54:30.458+0000] {processor.py:183} INFO - Processing /opt/airflow/dags/complete_earnings_pipeline.py took 2.697 seconds
[2025-10-10T12:55:02.551+0000] {processor.py:161} INFO - Started process (PID=728) to work on /opt/airflow/dags/complete_earnings_pipeline.py
[2025-10-10T12:55:02.633+0000] {processor.py:830} INFO - Processing file /opt/airflow/dags/complete_earnings_pipeline.py for tasks to queue
[2025-10-10T12:55:02.722+0000] {logging_mixin.py:188} INFO - [2025-10-10T12:55:02.710+0000] {dagbag.py:538} INFO - Filling up the DagBag from /opt/airflow/dags/complete_earnings_pipeline.py
[2025-10-10T12:55:03.785+0000] {processor.py:840} INFO - DAG(s) 'complete_earnings_pipeline' retrieved from /opt/airflow/dags/complete_earnings_pipeline.py
[2025-10-10T12:55:04.483+0000] {logging_mixin.py:188} INFO - [2025-10-10T12:55:04.479+0000] {dag.py:3033} INFO - Sync 1 DAGs
[2025-10-10T12:55:05.575+0000] {processor.py:183} INFO - Processing /opt/airflow/dags/complete_earnings_pipeline.py took 3.325 seconds
[2025-10-10T12:55:36.517+0000] {processor.py:161} INFO - Started process (PID=1080) to work on /opt/airflow/dags/complete_earnings_pipeline.py
[2025-10-10T12:55:36.523+0000] {processor.py:830} INFO - Processing file /opt/airflow/dags/complete_earnings_pipeline.py for tasks to queue
[2025-10-10T12:55:36.535+0000] {logging_mixin.py:188} INFO - [2025-10-10T12:55:36.533+0000] {dagbag.py:538} INFO - Filling up the DagBag from /opt/airflow/dags/complete_earnings_pipeline.py
[2025-10-10T12:55:36.694+0000] {processor.py:840} INFO - DAG(s) 'complete_earnings_pipeline' retrieved from /opt/airflow/dags/complete_earnings_pipeline.py
[2025-10-10T12:55:36.764+0000] {logging_mixin.py:188} INFO - [2025-10-10T12:55:36.762+0000] {dag.py:3033} INFO - Sync 1 DAGs
[2025-10-10T12:55:36.867+0000] {processor.py:183} INFO - Processing /opt/airflow/dags/complete_earnings_pipeline.py took 0.374 seconds
[2025-10-10T12:56:07.806+0000] {processor.py:161} INFO - Started process (PID=1113) to work on /opt/airflow/dags/complete_earnings_pipeline.py
[2025-10-10T12:56:07.807+0000] {processor.py:830} INFO - Processing file /opt/airflow/dags/complete_earnings_pipeline.py for tasks to queue
[2025-10-10T12:56:07.816+0000] {logging_mixin.py:188} INFO - [2025-10-10T12:56:07.815+0000] {dagbag.py:538} INFO - Filling up the DagBag from /opt/airflow/dags/complete_earnings_pipeline.py
[2025-10-10T12:56:07.871+0000] {processor.py:840} INFO - DAG(s) 'complete_earnings_pipeline' retrieved from /opt/airflow/dags/complete_earnings_pipeline.py
[2025-10-10T12:56:07.892+0000] {logging_mixin.py:188} INFO - [2025-10-10T12:56:07.891+0000] {dag.py:3033} INFO - Sync 1 DAGs
[2025-10-10T12:56:07.923+0000] {processor.py:183} INFO - Processing /opt/airflow/dags/complete_earnings_pipeline.py took 0.126 seconds
[2025-10-10T12:56:38.550+0000] {processor.py:161} INFO - Started process (PID=1144) to work on /opt/airflow/dags/complete_earnings_pipeline.py
[2025-10-10T12:56:38.551+0000] {processor.py:830} INFO - Processing file /opt/airflow/dags/complete_earnings_pipeline.py for tasks to queue
[2025-10-10T12:56:38.554+0000] {logging_mixin.py:188} INFO - [2025-10-10T12:56:38.554+0000] {dagbag.py:538} INFO - Filling up the DagBag from /opt/airflow/dags/complete_earnings_pipeline.py
[2025-10-10T12:56:38.599+0000] {processor.py:840} INFO - DAG(s) 'complete_earnings_pipeline' retrieved from /opt/airflow/dags/complete_earnings_pipeline.py
[2025-10-10T12:56:38.617+0000] {logging_mixin.py:188} INFO - [2025-10-10T12:56:38.616+0000] {dag.py:3033} INFO - Sync 1 DAGs
[2025-10-10T12:56:38.647+0000] {processor.py:183} INFO - Processing /opt/airflow/dags/complete_earnings_pipeline.py took 0.103 seconds
[2025-10-10T12:57:09.254+0000] {processor.py:161} INFO - Started process (PID=1175) to work on /opt/airflow/dags/complete_earnings_pipeline.py
[2025-10-10T12:57:09.256+0000] {processor.py:830} INFO - Processing file /opt/airflow/dags/complete_earnings_pipeline.py for tasks to queue
[2025-10-10T12:57:09.259+0000] {logging_mixin.py:188} INFO - [2025-10-10T12:57:09.259+0000] {dagbag.py:538} INFO - Filling up the DagBag from /opt/airflow/dags/complete_earnings_pipeline.py
[2025-10-10T12:57:09.289+0000] {processor.py:840} INFO - DAG(s) 'complete_earnings_pipeline' retrieved from /opt/airflow/dags/complete_earnings_pipeline.py
[2025-10-10T12:57:09.305+0000] {logging_mixin.py:188} INFO - [2025-10-10T12:57:09.305+0000] {dag.py:3033} INFO - Sync 1 DAGs
[2025-10-10T12:57:09.327+0000] {processor.py:183} INFO - Processing /opt/airflow/dags/complete_earnings_pipeline.py took 0.079 seconds
[2025-10-10T12:57:39.985+0000] {processor.py:161} INFO - Started process (PID=1206) to work on /opt/airflow/dags/complete_earnings_pipeline.py
[2025-10-10T12:57:39.987+0000] {processor.py:830} INFO - Processing file /opt/airflow/dags/complete_earnings_pipeline.py for tasks to queue
[2025-10-10T12:57:39.997+0000] {logging_mixin.py:188} INFO - [2025-10-10T12:57:39.996+0000] {dagbag.py:538} INFO - Filling up the DagBag from /opt/airflow/dags/complete_earnings_pipeline.py
[2025-10-10T12:57:40.045+0000] {processor.py:840} INFO - DAG(s) 'complete_earnings_pipeline' retrieved from /opt/airflow/dags/complete_earnings_pipeline.py
[2025-10-10T12:57:40.066+0000] {logging_mixin.py:188} INFO - [2025-10-10T12:57:40.066+0000] {dag.py:3033} INFO - Sync 1 DAGs
[2025-10-10T12:57:40.093+0000] {processor.py:183} INFO - Processing /opt/airflow/dags/complete_earnings_pipeline.py took 0.117 seconds
[2025-10-10T12:58:10.668+0000] {processor.py:161} INFO - Started process (PID=1237) to work on /opt/airflow/dags/complete_earnings_pipeline.py
[2025-10-10T12:58:10.670+0000] {processor.py:830} INFO - Processing file /opt/airflow/dags/complete_earnings_pipeline.py for tasks to queue
[2025-10-10T12:58:10.675+0000] {logging_mixin.py:188} INFO - [2025-10-10T12:58:10.673+0000] {dagbag.py:538} INFO - Filling up the DagBag from /opt/airflow/dags/complete_earnings_pipeline.py
[2025-10-10T12:58:10.710+0000] {processor.py:840} INFO - DAG(s) 'complete_earnings_pipeline' retrieved from /opt/airflow/dags/complete_earnings_pipeline.py
[2025-10-10T12:58:10.721+0000] {logging_mixin.py:188} INFO - [2025-10-10T12:58:10.721+0000] {dag.py:3033} INFO - Sync 1 DAGs
[2025-10-10T12:58:10.747+0000] {processor.py:183} INFO - Processing /opt/airflow/dags/complete_earnings_pipeline.py took 0.085 seconds
[2025-10-10T12:58:41.341+0000] {processor.py:161} INFO - Started process (PID=1268) to work on /opt/airflow/dags/complete_earnings_pipeline.py
[2025-10-10T12:58:41.343+0000] {processor.py:830} INFO - Processing file /opt/airflow/dags/complete_earnings_pipeline.py for tasks to queue
[2025-10-10T12:58:41.347+0000] {logging_mixin.py:188} INFO - [2025-10-10T12:58:41.347+0000] {dagbag.py:538} INFO - Filling up the DagBag from /opt/airflow/dags/complete_earnings_pipeline.py
[2025-10-10T12:58:41.382+0000] {processor.py:840} INFO - DAG(s) 'complete_earnings_pipeline' retrieved from /opt/airflow/dags/complete_earnings_pipeline.py
[2025-10-10T12:58:41.396+0000] {logging_mixin.py:188} INFO - [2025-10-10T12:58:41.396+0000] {dag.py:3033} INFO - Sync 1 DAGs
[2025-10-10T12:58:41.416+0000] {processor.py:183} INFO - Processing /opt/airflow/dags/complete_earnings_pipeline.py took 0.083 seconds
[2025-10-10T12:59:12.124+0000] {processor.py:161} INFO - Started process (PID=1301) to work on /opt/airflow/dags/complete_earnings_pipeline.py
[2025-10-10T12:59:12.126+0000] {processor.py:830} INFO - Processing file /opt/airflow/dags/complete_earnings_pipeline.py for tasks to queue
[2025-10-10T12:59:12.130+0000] {logging_mixin.py:188} INFO - [2025-10-10T12:59:12.130+0000] {dagbag.py:538} INFO - Filling up the DagBag from /opt/airflow/dags/complete_earnings_pipeline.py
[2025-10-10T12:59:12.190+0000] {processor.py:840} INFO - DAG(s) 'complete_earnings_pipeline' retrieved from /opt/airflow/dags/complete_earnings_pipeline.py
[2025-10-10T12:59:12.209+0000] {logging_mixin.py:188} INFO - [2025-10-10T12:59:12.208+0000] {dag.py:3033} INFO - Sync 1 DAGs
[2025-10-10T12:59:12.242+0000] {processor.py:183} INFO - Processing /opt/airflow/dags/complete_earnings_pipeline.py took 0.130 seconds
[2025-10-10T12:59:42.799+0000] {processor.py:161} INFO - Started process (PID=1332) to work on /opt/airflow/dags/complete_earnings_pipeline.py
[2025-10-10T12:59:42.800+0000] {processor.py:830} INFO - Processing file /opt/airflow/dags/complete_earnings_pipeline.py for tasks to queue
[2025-10-10T12:59:42.802+0000] {logging_mixin.py:188} INFO - [2025-10-10T12:59:42.802+0000] {dagbag.py:538} INFO - Filling up the DagBag from /opt/airflow/dags/complete_earnings_pipeline.py
[2025-10-10T12:59:42.829+0000] {processor.py:840} INFO - DAG(s) 'complete_earnings_pipeline' retrieved from /opt/airflow/dags/complete_earnings_pipeline.py
[2025-10-10T12:59:42.841+0000] {logging_mixin.py:188} INFO - [2025-10-10T12:59:42.840+0000] {dag.py:3033} INFO - Sync 1 DAGs
[2025-10-10T12:59:42.863+0000] {processor.py:183} INFO - Processing /opt/airflow/dags/complete_earnings_pipeline.py took 0.069 seconds
[2025-10-10T13:00:13.883+0000] {processor.py:161} INFO - Started process (PID=1363) to work on /opt/airflow/dags/complete_earnings_pipeline.py
[2025-10-10T13:00:13.884+0000] {processor.py:830} INFO - Processing file /opt/airflow/dags/complete_earnings_pipeline.py for tasks to queue
[2025-10-10T13:00:13.886+0000] {logging_mixin.py:188} INFO - [2025-10-10T13:00:13.886+0000] {dagbag.py:538} INFO - Filling up the DagBag from /opt/airflow/dags/complete_earnings_pipeline.py
[2025-10-10T13:00:13.913+0000] {processor.py:840} INFO - DAG(s) 'complete_earnings_pipeline' retrieved from /opt/airflow/dags/complete_earnings_pipeline.py
[2025-10-10T13:00:13.925+0000] {logging_mixin.py:188} INFO - [2025-10-10T13:00:13.925+0000] {dag.py:3033} INFO - Sync 1 DAGs
[2025-10-10T13:00:13.951+0000] {processor.py:183} INFO - Processing /opt/airflow/dags/complete_earnings_pipeline.py took 0.071 seconds
[2025-10-10T13:00:44.807+0000] {processor.py:161} INFO - Started process (PID=1394) to work on /opt/airflow/dags/complete_earnings_pipeline.py
[2025-10-10T13:00:44.809+0000] {processor.py:830} INFO - Processing file /opt/airflow/dags/complete_earnings_pipeline.py for tasks to queue
[2025-10-10T13:00:44.813+0000] {logging_mixin.py:188} INFO - [2025-10-10T13:00:44.813+0000] {dagbag.py:538} INFO - Filling up the DagBag from /opt/airflow/dags/complete_earnings_pipeline.py
[2025-10-10T13:00:44.890+0000] {processor.py:840} INFO - DAG(s) 'complete_earnings_pipeline' retrieved from /opt/airflow/dags/complete_earnings_pipeline.py
[2025-10-10T13:00:44.912+0000] {logging_mixin.py:188} INFO - [2025-10-10T13:00:44.912+0000] {dag.py:3033} INFO - Sync 1 DAGs
[2025-10-10T13:00:44.944+0000] {processor.py:183} INFO - Processing /opt/airflow/dags/complete_earnings_pipeline.py took 0.148 seconds
[2025-10-10T13:01:15.635+0000] {processor.py:161} INFO - Started process (PID=1425) to work on /opt/airflow/dags/complete_earnings_pipeline.py
[2025-10-10T13:01:15.636+0000] {processor.py:830} INFO - Processing file /opt/airflow/dags/complete_earnings_pipeline.py for tasks to queue
[2025-10-10T13:01:15.638+0000] {logging_mixin.py:188} INFO - [2025-10-10T13:01:15.638+0000] {dagbag.py:538} INFO - Filling up the DagBag from /opt/airflow/dags/complete_earnings_pipeline.py
[2025-10-10T13:01:15.674+0000] {processor.py:840} INFO - DAG(s) 'complete_earnings_pipeline' retrieved from /opt/airflow/dags/complete_earnings_pipeline.py
[2025-10-10T13:01:15.693+0000] {logging_mixin.py:188} INFO - [2025-10-10T13:01:15.692+0000] {dag.py:3033} INFO - Sync 1 DAGs
[2025-10-10T13:01:15.730+0000] {processor.py:183} INFO - Processing /opt/airflow/dags/complete_earnings_pipeline.py took 0.099 seconds
[2025-10-10T13:01:46.298+0000] {processor.py:161} INFO - Started process (PID=1456) to work on /opt/airflow/dags/complete_earnings_pipeline.py
[2025-10-10T13:01:46.300+0000] {processor.py:830} INFO - Processing file /opt/airflow/dags/complete_earnings_pipeline.py for tasks to queue
[2025-10-10T13:01:46.312+0000] {logging_mixin.py:188} INFO - [2025-10-10T13:01:46.312+0000] {dagbag.py:538} INFO - Filling up the DagBag from /opt/airflow/dags/complete_earnings_pipeline.py
[2025-10-10T13:01:46.397+0000] {processor.py:840} INFO - DAG(s) 'complete_earnings_pipeline' retrieved from /opt/airflow/dags/complete_earnings_pipeline.py
[2025-10-10T13:01:46.439+0000] {logging_mixin.py:188} INFO - [2025-10-10T13:01:46.438+0000] {dag.py:3033} INFO - Sync 1 DAGs
[2025-10-10T13:01:46.519+0000] {processor.py:183} INFO - Processing /opt/airflow/dags/complete_earnings_pipeline.py took 0.233 seconds
[2025-10-10T13:02:16.971+0000] {processor.py:161} INFO - Started process (PID=1487) to work on /opt/airflow/dags/complete_earnings_pipeline.py
[2025-10-10T13:02:16.972+0000] {processor.py:830} INFO - Processing file /opt/airflow/dags/complete_earnings_pipeline.py for tasks to queue
[2025-10-10T13:02:16.978+0000] {logging_mixin.py:188} INFO - [2025-10-10T13:02:16.978+0000] {dagbag.py:538} INFO - Filling up the DagBag from /opt/airflow/dags/complete_earnings_pipeline.py
[2025-10-10T13:02:17.028+0000] {processor.py:840} INFO - DAG(s) 'complete_earnings_pipeline' retrieved from /opt/airflow/dags/complete_earnings_pipeline.py
[2025-10-10T13:02:17.045+0000] {logging_mixin.py:188} INFO - [2025-10-10T13:02:17.045+0000] {dag.py:3033} INFO - Sync 1 DAGs
[2025-10-10T13:02:17.072+0000] {processor.py:183} INFO - Processing /opt/airflow/dags/complete_earnings_pipeline.py took 0.114 seconds
[2025-10-10T13:02:47.681+0000] {processor.py:161} INFO - Started process (PID=1518) to work on /opt/airflow/dags/complete_earnings_pipeline.py
[2025-10-10T13:02:47.683+0000] {processor.py:830} INFO - Processing file /opt/airflow/dags/complete_earnings_pipeline.py for tasks to queue
[2025-10-10T13:02:47.685+0000] {logging_mixin.py:188} INFO - [2025-10-10T13:02:47.685+0000] {dagbag.py:538} INFO - Filling up the DagBag from /opt/airflow/dags/complete_earnings_pipeline.py
[2025-10-10T13:02:47.718+0000] {processor.py:840} INFO - DAG(s) 'complete_earnings_pipeline' retrieved from /opt/airflow/dags/complete_earnings_pipeline.py
[2025-10-10T13:02:47.728+0000] {logging_mixin.py:188} INFO - [2025-10-10T13:02:47.728+0000] {dag.py:3033} INFO - Sync 1 DAGs
[2025-10-10T13:02:47.761+0000] {processor.py:183} INFO - Processing /opt/airflow/dags/complete_earnings_pipeline.py took 0.087 seconds
[2025-10-10T13:03:18.363+0000] {processor.py:161} INFO - Started process (PID=1549) to work on /opt/airflow/dags/complete_earnings_pipeline.py
[2025-10-10T13:03:18.365+0000] {processor.py:830} INFO - Processing file /opt/airflow/dags/complete_earnings_pipeline.py for tasks to queue
[2025-10-10T13:03:18.367+0000] {logging_mixin.py:188} INFO - [2025-10-10T13:03:18.366+0000] {dagbag.py:538} INFO - Filling up the DagBag from /opt/airflow/dags/complete_earnings_pipeline.py
[2025-10-10T13:03:18.403+0000] {processor.py:840} INFO - DAG(s) 'complete_earnings_pipeline' retrieved from /opt/airflow/dags/complete_earnings_pipeline.py
[2025-10-10T13:03:18.417+0000] {logging_mixin.py:188} INFO - [2025-10-10T13:03:18.416+0000] {dag.py:3033} INFO - Sync 1 DAGs
[2025-10-10T13:03:18.438+0000] {processor.py:183} INFO - Processing /opt/airflow/dags/complete_earnings_pipeline.py took 0.083 seconds
[2025-10-10T13:03:48.958+0000] {processor.py:161} INFO - Started process (PID=1580) to work on /opt/airflow/dags/complete_earnings_pipeline.py
[2025-10-10T13:03:48.959+0000] {processor.py:830} INFO - Processing file /opt/airflow/dags/complete_earnings_pipeline.py for tasks to queue
[2025-10-10T13:03:48.960+0000] {logging_mixin.py:188} INFO - [2025-10-10T13:03:48.960+0000] {dagbag.py:538} INFO - Filling up the DagBag from /opt/airflow/dags/complete_earnings_pipeline.py
[2025-10-10T13:03:48.995+0000] {processor.py:840} INFO - DAG(s) 'complete_earnings_pipeline' retrieved from /opt/airflow/dags/complete_earnings_pipeline.py
[2025-10-10T13:03:49.010+0000] {logging_mixin.py:188} INFO - [2025-10-10T13:03:49.009+0000] {dag.py:3033} INFO - Sync 1 DAGs
[2025-10-10T13:03:49.035+0000] {processor.py:183} INFO - Processing /opt/airflow/dags/complete_earnings_pipeline.py took 0.083 seconds
[2025-10-10T13:04:20.648+0000] {processor.py:161} INFO - Started process (PID=1635) to work on /opt/airflow/dags/complete_earnings_pipeline.py
[2025-10-10T13:04:20.733+0000] {processor.py:830} INFO - Processing file /opt/airflow/dags/complete_earnings_pipeline.py for tasks to queue
[2025-10-10T13:04:20.872+0000] {logging_mixin.py:188} INFO - [2025-10-10T13:04:20.849+0000] {dagbag.py:538} INFO - Filling up the DagBag from /opt/airflow/dags/complete_earnings_pipeline.py
[2025-10-10T13:04:24.960+0000] {processor.py:840} INFO - DAG(s) 'complete_earnings_pipeline' retrieved from /opt/airflow/dags/complete_earnings_pipeline.py
[2025-10-10T13:04:26.946+0000] {logging_mixin.py:188} INFO - [2025-10-10T13:04:26.838+0000] {dag.py:3033} INFO - Sync 1 DAGs
[2025-10-10T13:04:29.445+0000] {processor.py:183} INFO - Processing /opt/airflow/dags/complete_earnings_pipeline.py took 9.017 seconds
[2025-10-10T13:05:06.378+0000] {processor.py:161} INFO - Started process (PID=1881) to work on /opt/airflow/dags/complete_earnings_pipeline.py
[2025-10-10T13:05:06.432+0000] {processor.py:830} INFO - Processing file /opt/airflow/dags/complete_earnings_pipeline.py for tasks to queue
[2025-10-10T13:05:06.860+0000] {logging_mixin.py:188} INFO - [2025-10-10T13:05:06.828+0000] {dagbag.py:538} INFO - Filling up the DagBag from /opt/airflow/dags/complete_earnings_pipeline.py
[2025-10-10T13:05:14.676+0000] {processor.py:840} INFO - DAG(s) 'complete_earnings_pipeline' retrieved from /opt/airflow/dags/complete_earnings_pipeline.py
[2025-10-10T13:05:15.510+0000] {logging_mixin.py:188} INFO - [2025-10-10T13:05:15.489+0000] {dag.py:3033} INFO - Sync 1 DAGs
[2025-10-10T13:05:39.512+0000] {processor.py:183} INFO - Processing /opt/airflow/dags/complete_earnings_pipeline.py took 34.146 seconds
[2025-10-10T13:06:10.790+0000] {processor.py:161} INFO - Started process (PID=2417) to work on /opt/airflow/dags/complete_earnings_pipeline.py
[2025-10-10T13:06:10.794+0000] {processor.py:830} INFO - Processing file /opt/airflow/dags/complete_earnings_pipeline.py for tasks to queue
[2025-10-10T13:06:10.802+0000] {logging_mixin.py:188} INFO - [2025-10-10T13:06:10.800+0000] {dagbag.py:538} INFO - Filling up the DagBag from /opt/airflow/dags/complete_earnings_pipeline.py
[2025-10-10T13:06:10.891+0000] {processor.py:840} INFO - DAG(s) 'complete_earnings_pipeline' retrieved from /opt/airflow/dags/complete_earnings_pipeline.py
[2025-10-10T13:06:10.918+0000] {logging_mixin.py:188} INFO - [2025-10-10T13:06:10.918+0000] {dag.py:3033} INFO - Sync 1 DAGs
[2025-10-10T13:06:10.981+0000] {processor.py:183} INFO - Processing /opt/airflow/dags/complete_earnings_pipeline.py took 0.202 seconds
