[2025-10-10T12:53:23.780+0000] {processor.py:161} INFO - Started process (PID=183) to work on /opt/airflow/dags/lantern_docling_to_cloud.py
[2025-10-10T12:53:23.794+0000] {processor.py:830} INFO - Processing file /opt/airflow/dags/lantern_docling_to_cloud.py for tasks to queue
[2025-10-10T12:53:23.831+0000] {logging_mixin.py:188} INFO - [2025-10-10T12:53:23.830+0000] {dagbag.py:538} INFO - Filling up the DagBag from /opt/airflow/dags/lantern_docling_to_cloud.py
[2025-10-10T12:53:23.918+0000] {logging_mixin.py:188} INFO - [2025-10-10T12:53:23.907+0000] {dagbag.py:348} ERROR - Failed to import: /opt/airflow/dags/lantern_docling_to_cloud.py
Traceback (most recent call last):
  File "/home/airflow/.local/lib/python3.9/site-packages/airflow/models/dagbag.py", line 344, in parse
    loader.exec_module(new_module)
  File "<frozen importlib._bootstrap_external>", line 850, in exec_module
  File "<frozen importlib._bootstrap>", line 228, in _call_with_frames_removed
  File "/opt/airflow/dags/lantern_docling_to_cloud.py", line 29, in <module>
    from guidance_extractor import create_extractor
  File "/opt/airflow/dags/lantern-dow30/guidance_extractor.py", line 13, in <module>
    import guidance
ModuleNotFoundError: No module named 'guidance'
[2025-10-10T12:53:23.918+0000] {processor.py:842} WARNING - No viable dags retrieved from /opt/airflow/dags/lantern_docling_to_cloud.py
[2025-10-10T12:53:23.963+0000] {processor.py:183} INFO - Processing /opt/airflow/dags/lantern_docling_to_cloud.py took 0.200 seconds
[2025-10-10T12:53:54.048+0000] {processor.py:161} INFO - Started process (PID=233) to work on /opt/airflow/dags/lantern_docling_to_cloud.py
[2025-10-10T12:53:54.049+0000] {processor.py:830} INFO - Processing file /opt/airflow/dags/lantern_docling_to_cloud.py for tasks to queue
[2025-10-10T12:53:54.050+0000] {logging_mixin.py:188} INFO - [2025-10-10T12:53:54.050+0000] {dagbag.py:538} INFO - Filling up the DagBag from /opt/airflow/dags/lantern_docling_to_cloud.py
[2025-10-10T12:53:54.061+0000] {logging_mixin.py:188} INFO - [2025-10-10T12:53:54.057+0000] {dagbag.py:348} ERROR - Failed to import: /opt/airflow/dags/lantern_docling_to_cloud.py
Traceback (most recent call last):
  File "/home/airflow/.local/lib/python3.9/site-packages/airflow/models/dagbag.py", line 344, in parse
    loader.exec_module(new_module)
  File "<frozen importlib._bootstrap_external>", line 850, in exec_module
  File "<frozen importlib._bootstrap>", line 228, in _call_with_frames_removed
  File "/opt/airflow/dags/lantern_docling_to_cloud.py", line 29, in <module>
    from guidance_extractor import create_extractor
  File "/opt/airflow/dags/lantern-dow30/guidance_extractor.py", line 13, in <module>
    import guidance
ModuleNotFoundError: No module named 'guidance'
[2025-10-10T12:53:54.061+0000] {processor.py:842} WARNING - No viable dags retrieved from /opt/airflow/dags/lantern_docling_to_cloud.py
[2025-10-10T12:53:54.073+0000] {processor.py:183} INFO - Processing /opt/airflow/dags/lantern_docling_to_cloud.py took 0.027 seconds
[2025-10-10T12:54:30.894+0000] {processor.py:161} INFO - Started process (PID=466) to work on /opt/airflow/dags/lantern_docling_to_cloud.py
[2025-10-10T12:54:30.937+0000] {processor.py:830} INFO - Processing file /opt/airflow/dags/lantern_docling_to_cloud.py for tasks to queue
[2025-10-10T12:54:31.046+0000] {logging_mixin.py:188} INFO - [2025-10-10T12:54:31.045+0000] {dagbag.py:538} INFO - Filling up the DagBag from /opt/airflow/dags/lantern_docling_to_cloud.py
[2025-10-10T12:54:31.193+0000] {logging_mixin.py:188} INFO - [2025-10-10T12:54:31.141+0000] {dagbag.py:348} ERROR - Failed to import: /opt/airflow/dags/lantern_docling_to_cloud.py
Traceback (most recent call last):
  File "/home/airflow/.local/lib/python3.9/site-packages/airflow/models/dagbag.py", line 344, in parse
    loader.exec_module(new_module)
  File "<frozen importlib._bootstrap_external>", line 850, in exec_module
  File "<frozen importlib._bootstrap>", line 228, in _call_with_frames_removed
  File "/opt/airflow/dags/lantern_docling_to_cloud.py", line 29, in <module>
    from guidance_extractor import create_extractor
  File "/opt/airflow/dags/lantern-dow30/guidance_extractor.py", line 13, in <module>
    import guidance
ModuleNotFoundError: No module named 'guidance'
[2025-10-10T12:54:31.194+0000] {processor.py:842} WARNING - No viable dags retrieved from /opt/airflow/dags/lantern_docling_to_cloud.py
[2025-10-10T12:54:31.230+0000] {processor.py:183} INFO - Processing /opt/airflow/dags/lantern_docling_to_cloud.py took 0.511 seconds
[2025-10-10T12:55:06.456+0000] {processor.py:161} INFO - Started process (PID=736) to work on /opt/airflow/dags/lantern_docling_to_cloud.py
[2025-10-10T12:55:06.542+0000] {processor.py:830} INFO - Processing file /opt/airflow/dags/lantern_docling_to_cloud.py for tasks to queue
[2025-10-10T12:55:06.706+0000] {logging_mixin.py:188} INFO - [2025-10-10T12:55:06.704+0000] {dagbag.py:538} INFO - Filling up the DagBag from /opt/airflow/dags/lantern_docling_to_cloud.py
[2025-10-10T12:55:06.985+0000] {logging_mixin.py:188} INFO - [2025-10-10T12:55:06.955+0000] {dagbag.py:348} ERROR - Failed to import: /opt/airflow/dags/lantern_docling_to_cloud.py
Traceback (most recent call last):
  File "/home/airflow/.local/lib/python3.9/site-packages/airflow/models/dagbag.py", line 344, in parse
    loader.exec_module(new_module)
  File "<frozen importlib._bootstrap_external>", line 850, in exec_module
  File "<frozen importlib._bootstrap>", line 228, in _call_with_frames_removed
  File "/opt/airflow/dags/lantern_docling_to_cloud.py", line 29, in <module>
    from guidance_extractor import create_extractor
  File "/opt/airflow/dags/lantern-dow30/guidance_extractor.py", line 13, in <module>
    import guidance
ModuleNotFoundError: No module named 'guidance'
[2025-10-10T12:55:06.988+0000] {processor.py:842} WARNING - No viable dags retrieved from /opt/airflow/dags/lantern_docling_to_cloud.py
[2025-10-10T12:55:07.405+0000] {processor.py:183} INFO - Processing /opt/airflow/dags/lantern_docling_to_cloud.py took 1.473 seconds
[2025-10-10T12:55:37.760+0000] {processor.py:161} INFO - Started process (PID=1085) to work on /opt/airflow/dags/lantern_docling_to_cloud.py
[2025-10-10T12:55:37.766+0000] {processor.py:830} INFO - Processing file /opt/airflow/dags/lantern_docling_to_cloud.py for tasks to queue
[2025-10-10T12:55:37.787+0000] {logging_mixin.py:188} INFO - [2025-10-10T12:55:37.785+0000] {dagbag.py:538} INFO - Filling up the DagBag from /opt/airflow/dags/lantern_docling_to_cloud.py
[2025-10-10T12:55:37.973+0000] {logging_mixin.py:188} INFO - [2025-10-10T12:55:37.963+0000] {dagbag.py:348} ERROR - Failed to import: /opt/airflow/dags/lantern_docling_to_cloud.py
Traceback (most recent call last):
  File "/home/airflow/.local/lib/python3.9/site-packages/airflow/models/dagbag.py", line 344, in parse
    loader.exec_module(new_module)
  File "<frozen importlib._bootstrap_external>", line 850, in exec_module
  File "<frozen importlib._bootstrap>", line 228, in _call_with_frames_removed
  File "/opt/airflow/dags/lantern_docling_to_cloud.py", line 29, in <module>
    from guidance_extractor import create_extractor
  File "/opt/airflow/dags/lantern-dow30/guidance_extractor.py", line 13, in <module>
    import guidance
ModuleNotFoundError: No module named 'guidance'
[2025-10-10T12:55:37.976+0000] {processor.py:842} WARNING - No viable dags retrieved from /opt/airflow/dags/lantern_docling_to_cloud.py
[2025-10-10T12:55:38.054+0000] {processor.py:183} INFO - Processing /opt/airflow/dags/lantern_docling_to_cloud.py took 0.317 seconds
[2025-10-10T12:56:08.944+0000] {processor.py:161} INFO - Started process (PID=1118) to work on /opt/airflow/dags/lantern_docling_to_cloud.py
[2025-10-10T12:56:08.945+0000] {processor.py:830} INFO - Processing file /opt/airflow/dags/lantern_docling_to_cloud.py for tasks to queue
[2025-10-10T12:56:08.948+0000] {logging_mixin.py:188} INFO - [2025-10-10T12:56:08.947+0000] {dagbag.py:538} INFO - Filling up the DagBag from /opt/airflow/dags/lantern_docling_to_cloud.py
[2025-10-10T12:56:08.961+0000] {logging_mixin.py:188} INFO - [2025-10-10T12:56:08.957+0000] {dagbag.py:348} ERROR - Failed to import: /opt/airflow/dags/lantern_docling_to_cloud.py
Traceback (most recent call last):
  File "/home/airflow/.local/lib/python3.9/site-packages/airflow/models/dagbag.py", line 344, in parse
    loader.exec_module(new_module)
  File "<frozen importlib._bootstrap_external>", line 850, in exec_module
  File "<frozen importlib._bootstrap>", line 228, in _call_with_frames_removed
  File "/opt/airflow/dags/lantern_docling_to_cloud.py", line 29, in <module>
    from guidance_extractor import create_extractor
  File "/opt/airflow/dags/lantern-dow30/guidance_extractor.py", line 13, in <module>
    import guidance
ModuleNotFoundError: No module named 'guidance'
[2025-10-10T12:56:08.961+0000] {processor.py:842} WARNING - No viable dags retrieved from /opt/airflow/dags/lantern_docling_to_cloud.py
[2025-10-10T12:56:08.979+0000] {processor.py:183} INFO - Processing /opt/airflow/dags/lantern_docling_to_cloud.py took 0.046 seconds
[2025-10-10T12:56:39.695+0000] {processor.py:161} INFO - Started process (PID=1149) to work on /opt/airflow/dags/lantern_docling_to_cloud.py
[2025-10-10T12:56:39.698+0000] {processor.py:830} INFO - Processing file /opt/airflow/dags/lantern_docling_to_cloud.py for tasks to queue
[2025-10-10T12:56:39.703+0000] {logging_mixin.py:188} INFO - [2025-10-10T12:56:39.702+0000] {dagbag.py:538} INFO - Filling up the DagBag from /opt/airflow/dags/lantern_docling_to_cloud.py
[2025-10-10T12:56:39.717+0000] {logging_mixin.py:188} INFO - [2025-10-10T12:56:39.711+0000] {dagbag.py:348} ERROR - Failed to import: /opt/airflow/dags/lantern_docling_to_cloud.py
Traceback (most recent call last):
  File "/home/airflow/.local/lib/python3.9/site-packages/airflow/models/dagbag.py", line 344, in parse
    loader.exec_module(new_module)
  File "<frozen importlib._bootstrap_external>", line 850, in exec_module
  File "<frozen importlib._bootstrap>", line 228, in _call_with_frames_removed
  File "/opt/airflow/dags/lantern_docling_to_cloud.py", line 29, in <module>
    from guidance_extractor import create_extractor
  File "/opt/airflow/dags/lantern-dow30/guidance_extractor.py", line 13, in <module>
    import guidance
ModuleNotFoundError: No module named 'guidance'
[2025-10-10T12:56:39.718+0000] {processor.py:842} WARNING - No viable dags retrieved from /opt/airflow/dags/lantern_docling_to_cloud.py
[2025-10-10T12:56:39.737+0000] {processor.py:183} INFO - Processing /opt/airflow/dags/lantern_docling_to_cloud.py took 0.048 seconds
[2025-10-10T12:57:10.321+0000] {processor.py:161} INFO - Started process (PID=1180) to work on /opt/airflow/dags/lantern_docling_to_cloud.py
[2025-10-10T12:57:10.324+0000] {processor.py:830} INFO - Processing file /opt/airflow/dags/lantern_docling_to_cloud.py for tasks to queue
[2025-10-10T12:57:10.326+0000] {logging_mixin.py:188} INFO - [2025-10-10T12:57:10.326+0000] {dagbag.py:538} INFO - Filling up the DagBag from /opt/airflow/dags/lantern_docling_to_cloud.py
[2025-10-10T12:57:10.336+0000] {logging_mixin.py:188} INFO - [2025-10-10T12:57:10.333+0000] {dagbag.py:348} ERROR - Failed to import: /opt/airflow/dags/lantern_docling_to_cloud.py
Traceback (most recent call last):
  File "/home/airflow/.local/lib/python3.9/site-packages/airflow/models/dagbag.py", line 344, in parse
    loader.exec_module(new_module)
  File "<frozen importlib._bootstrap_external>", line 850, in exec_module
  File "<frozen importlib._bootstrap>", line 228, in _call_with_frames_removed
  File "/opt/airflow/dags/lantern_docling_to_cloud.py", line 29, in <module>
    from guidance_extractor import create_extractor
  File "/opt/airflow/dags/lantern-dow30/guidance_extractor.py", line 13, in <module>
    import guidance
ModuleNotFoundError: No module named 'guidance'
[2025-10-10T12:57:10.337+0000] {processor.py:842} WARNING - No viable dags retrieved from /opt/airflow/dags/lantern_docling_to_cloud.py
[2025-10-10T12:57:10.362+0000] {processor.py:183} INFO - Processing /opt/airflow/dags/lantern_docling_to_cloud.py took 0.047 seconds
[2025-10-10T12:57:41.061+0000] {processor.py:161} INFO - Started process (PID=1211) to work on /opt/airflow/dags/lantern_docling_to_cloud.py
[2025-10-10T12:57:41.066+0000] {processor.py:830} INFO - Processing file /opt/airflow/dags/lantern_docling_to_cloud.py for tasks to queue
[2025-10-10T12:57:41.068+0000] {logging_mixin.py:188} INFO - [2025-10-10T12:57:41.067+0000] {dagbag.py:538} INFO - Filling up the DagBag from /opt/airflow/dags/lantern_docling_to_cloud.py
[2025-10-10T12:57:41.084+0000] {logging_mixin.py:188} INFO - [2025-10-10T12:57:41.082+0000] {dagbag.py:348} ERROR - Failed to import: /opt/airflow/dags/lantern_docling_to_cloud.py
Traceback (most recent call last):
  File "/home/airflow/.local/lib/python3.9/site-packages/airflow/models/dagbag.py", line 344, in parse
    loader.exec_module(new_module)
  File "<frozen importlib._bootstrap_external>", line 850, in exec_module
  File "<frozen importlib._bootstrap>", line 228, in _call_with_frames_removed
  File "/opt/airflow/dags/lantern_docling_to_cloud.py", line 29, in <module>
    from guidance_extractor import create_extractor
  File "/opt/airflow/dags/lantern-dow30/guidance_extractor.py", line 13, in <module>
    import guidance
ModuleNotFoundError: No module named 'guidance'
[2025-10-10T12:57:41.084+0000] {processor.py:842} WARNING - No viable dags retrieved from /opt/airflow/dags/lantern_docling_to_cloud.py
[2025-10-10T12:57:41.099+0000] {processor.py:183} INFO - Processing /opt/airflow/dags/lantern_docling_to_cloud.py took 0.045 seconds
[2025-10-10T12:58:11.715+0000] {processor.py:161} INFO - Started process (PID=1242) to work on /opt/airflow/dags/lantern_docling_to_cloud.py
[2025-10-10T12:58:11.718+0000] {processor.py:830} INFO - Processing file /opt/airflow/dags/lantern_docling_to_cloud.py for tasks to queue
[2025-10-10T12:58:11.720+0000] {logging_mixin.py:188} INFO - [2025-10-10T12:58:11.720+0000] {dagbag.py:538} INFO - Filling up the DagBag from /opt/airflow/dags/lantern_docling_to_cloud.py
[2025-10-10T12:58:11.735+0000] {logging_mixin.py:188} INFO - [2025-10-10T12:58:11.731+0000] {dagbag.py:348} ERROR - Failed to import: /opt/airflow/dags/lantern_docling_to_cloud.py
Traceback (most recent call last):
  File "/home/airflow/.local/lib/python3.9/site-packages/airflow/models/dagbag.py", line 344, in parse
    loader.exec_module(new_module)
  File "<frozen importlib._bootstrap_external>", line 850, in exec_module
  File "<frozen importlib._bootstrap>", line 228, in _call_with_frames_removed
  File "/opt/airflow/dags/lantern_docling_to_cloud.py", line 29, in <module>
    from guidance_extractor import create_extractor
  File "/opt/airflow/dags/lantern-dow30/guidance_extractor.py", line 13, in <module>
    import guidance
ModuleNotFoundError: No module named 'guidance'
[2025-10-10T12:58:11.735+0000] {processor.py:842} WARNING - No viable dags retrieved from /opt/airflow/dags/lantern_docling_to_cloud.py
[2025-10-10T12:58:11.759+0000] {processor.py:183} INFO - Processing /opt/airflow/dags/lantern_docling_to_cloud.py took 0.051 seconds
[2025-10-10T12:58:42.417+0000] {processor.py:161} INFO - Started process (PID=1273) to work on /opt/airflow/dags/lantern_docling_to_cloud.py
[2025-10-10T12:58:42.422+0000] {processor.py:830} INFO - Processing file /opt/airflow/dags/lantern_docling_to_cloud.py for tasks to queue
[2025-10-10T12:58:42.425+0000] {logging_mixin.py:188} INFO - [2025-10-10T12:58:42.424+0000] {dagbag.py:538} INFO - Filling up the DagBag from /opt/airflow/dags/lantern_docling_to_cloud.py
[2025-10-10T12:58:42.440+0000] {logging_mixin.py:188} INFO - [2025-10-10T12:58:42.437+0000] {dagbag.py:348} ERROR - Failed to import: /opt/airflow/dags/lantern_docling_to_cloud.py
Traceback (most recent call last):
  File "/home/airflow/.local/lib/python3.9/site-packages/airflow/models/dagbag.py", line 344, in parse
    loader.exec_module(new_module)
  File "<frozen importlib._bootstrap_external>", line 850, in exec_module
  File "<frozen importlib._bootstrap>", line 228, in _call_with_frames_removed
  File "/opt/airflow/dags/lantern_docling_to_cloud.py", line 29, in <module>
    from guidance_extractor import create_extractor
  File "/opt/airflow/dags/lantern-dow30/guidance_extractor.py", line 13, in <module>
    import guidance
ModuleNotFoundError: No module named 'guidance'
[2025-10-10T12:58:42.444+0000] {processor.py:842} WARNING - No viable dags retrieved from /opt/airflow/dags/lantern_docling_to_cloud.py
[2025-10-10T12:58:42.472+0000] {processor.py:183} INFO - Processing /opt/airflow/dags/lantern_docling_to_cloud.py took 0.062 seconds
[2025-10-10T12:59:13.245+0000] {processor.py:161} INFO - Started process (PID=1306) to work on /opt/airflow/dags/lantern_docling_to_cloud.py
[2025-10-10T12:59:13.247+0000] {processor.py:830} INFO - Processing file /opt/airflow/dags/lantern_docling_to_cloud.py for tasks to queue
[2025-10-10T12:59:13.250+0000] {logging_mixin.py:188} INFO - [2025-10-10T12:59:13.250+0000] {dagbag.py:538} INFO - Filling up the DagBag from /opt/airflow/dags/lantern_docling_to_cloud.py
[2025-10-10T12:59:13.268+0000] {logging_mixin.py:188} INFO - [2025-10-10T12:59:13.265+0000] {dagbag.py:348} ERROR - Failed to import: /opt/airflow/dags/lantern_docling_to_cloud.py
Traceback (most recent call last):
  File "/home/airflow/.local/lib/python3.9/site-packages/airflow/models/dagbag.py", line 344, in parse
    loader.exec_module(new_module)
  File "<frozen importlib._bootstrap_external>", line 850, in exec_module
  File "<frozen importlib._bootstrap>", line 228, in _call_with_frames_removed
  File "/opt/airflow/dags/lantern_docling_to_cloud.py", line 29, in <module>
    from guidance_extractor import create_extractor
  File "/opt/airflow/dags/lantern-dow30/guidance_extractor.py", line 13, in <module>
    import guidance
ModuleNotFoundError: No module named 'guidance'
[2025-10-10T12:59:13.269+0000] {processor.py:842} WARNING - No viable dags retrieved from /opt/airflow/dags/lantern_docling_to_cloud.py
[2025-10-10T12:59:13.284+0000] {processor.py:183} INFO - Processing /opt/airflow/dags/lantern_docling_to_cloud.py took 0.048 seconds
[2025-10-10T12:59:43.829+0000] {processor.py:161} INFO - Started process (PID=1337) to work on /opt/airflow/dags/lantern_docling_to_cloud.py
[2025-10-10T12:59:43.830+0000] {processor.py:830} INFO - Processing file /opt/airflow/dags/lantern_docling_to_cloud.py for tasks to queue
[2025-10-10T12:59:43.834+0000] {logging_mixin.py:188} INFO - [2025-10-10T12:59:43.834+0000] {dagbag.py:538} INFO - Filling up the DagBag from /opt/airflow/dags/lantern_docling_to_cloud.py
[2025-10-10T12:59:43.846+0000] {logging_mixin.py:188} INFO - [2025-10-10T12:59:43.844+0000] {dagbag.py:348} ERROR - Failed to import: /opt/airflow/dags/lantern_docling_to_cloud.py
Traceback (most recent call last):
  File "/home/airflow/.local/lib/python3.9/site-packages/airflow/models/dagbag.py", line 344, in parse
    loader.exec_module(new_module)
  File "<frozen importlib._bootstrap_external>", line 850, in exec_module
  File "<frozen importlib._bootstrap>", line 228, in _call_with_frames_removed
  File "/opt/airflow/dags/lantern_docling_to_cloud.py", line 29, in <module>
    from guidance_extractor import create_extractor
  File "/opt/airflow/dags/lantern-dow30/guidance_extractor.py", line 13, in <module>
    import guidance
ModuleNotFoundError: No module named 'guidance'
[2025-10-10T12:59:43.847+0000] {processor.py:842} WARNING - No viable dags retrieved from /opt/airflow/dags/lantern_docling_to_cloud.py
[2025-10-10T12:59:43.882+0000] {processor.py:183} INFO - Processing /opt/airflow/dags/lantern_docling_to_cloud.py took 0.057 seconds
[2025-10-10T13:00:14.008+0000] {processor.py:161} INFO - Started process (PID=1368) to work on /opt/airflow/dags/lantern_docling_to_cloud.py
[2025-10-10T13:00:14.009+0000] {processor.py:830} INFO - Processing file /opt/airflow/dags/lantern_docling_to_cloud.py for tasks to queue
[2025-10-10T13:00:14.012+0000] {logging_mixin.py:188} INFO - [2025-10-10T13:00:14.012+0000] {dagbag.py:538} INFO - Filling up the DagBag from /opt/airflow/dags/lantern_docling_to_cloud.py
[2025-10-10T13:00:14.027+0000] {logging_mixin.py:188} INFO - [2025-10-10T13:00:14.024+0000] {dagbag.py:348} ERROR - Failed to import: /opt/airflow/dags/lantern_docling_to_cloud.py
Traceback (most recent call last):
  File "/home/airflow/.local/lib/python3.9/site-packages/airflow/models/dagbag.py", line 344, in parse
    loader.exec_module(new_module)
  File "<frozen importlib._bootstrap_external>", line 850, in exec_module
  File "<frozen importlib._bootstrap>", line 228, in _call_with_frames_removed
  File "/opt/airflow/dags/lantern_docling_to_cloud.py", line 29, in <module>
    from guidance_extractor import create_extractor
  File "/opt/airflow/dags/lantern-dow30/guidance_extractor.py", line 13, in <module>
    import guidance
ModuleNotFoundError: No module named 'guidance'
[2025-10-10T13:00:14.027+0000] {processor.py:842} WARNING - No viable dags retrieved from /opt/airflow/dags/lantern_docling_to_cloud.py
[2025-10-10T13:00:14.063+0000] {processor.py:183} INFO - Processing /opt/airflow/dags/lantern_docling_to_cloud.py took 0.064 seconds
[2025-10-10T13:00:44.828+0000] {processor.py:161} INFO - Started process (PID=1397) to work on /opt/airflow/dags/lantern_docling_to_cloud.py
[2025-10-10T13:00:44.830+0000] {processor.py:830} INFO - Processing file /opt/airflow/dags/lantern_docling_to_cloud.py for tasks to queue
[2025-10-10T13:00:44.833+0000] {logging_mixin.py:188} INFO - [2025-10-10T13:00:44.833+0000] {dagbag.py:538} INFO - Filling up the DagBag from /opt/airflow/dags/lantern_docling_to_cloud.py
[2025-10-10T13:00:44.851+0000] {logging_mixin.py:188} INFO - [2025-10-10T13:00:44.847+0000] {dagbag.py:348} ERROR - Failed to import: /opt/airflow/dags/lantern_docling_to_cloud.py
Traceback (most recent call last):
  File "/home/airflow/.local/lib/python3.9/site-packages/airflow/models/dagbag.py", line 344, in parse
    loader.exec_module(new_module)
  File "<frozen importlib._bootstrap_external>", line 850, in exec_module
  File "<frozen importlib._bootstrap>", line 228, in _call_with_frames_removed
  File "/opt/airflow/dags/lantern_docling_to_cloud.py", line 29, in <module>
    from guidance_extractor import create_extractor
  File "/opt/airflow/dags/lantern-dow30/guidance_extractor.py", line 13, in <module>
    import guidance
ModuleNotFoundError: No module named 'guidance'
[2025-10-10T13:00:44.851+0000] {processor.py:842} WARNING - No viable dags retrieved from /opt/airflow/dags/lantern_docling_to_cloud.py
[2025-10-10T13:00:44.884+0000] {processor.py:183} INFO - Processing /opt/airflow/dags/lantern_docling_to_cloud.py took 0.068 seconds
[2025-10-10T13:01:15.642+0000] {processor.py:161} INFO - Started process (PID=1428) to work on /opt/airflow/dags/lantern_docling_to_cloud.py
[2025-10-10T13:01:15.644+0000] {processor.py:830} INFO - Processing file /opt/airflow/dags/lantern_docling_to_cloud.py for tasks to queue
[2025-10-10T13:01:15.646+0000] {logging_mixin.py:188} INFO - [2025-10-10T13:01:15.646+0000] {dagbag.py:538} INFO - Filling up the DagBag from /opt/airflow/dags/lantern_docling_to_cloud.py
[2025-10-10T13:01:15.657+0000] {logging_mixin.py:188} INFO - [2025-10-10T13:01:15.655+0000] {dagbag.py:348} ERROR - Failed to import: /opt/airflow/dags/lantern_docling_to_cloud.py
Traceback (most recent call last):
  File "/home/airflow/.local/lib/python3.9/site-packages/airflow/models/dagbag.py", line 344, in parse
    loader.exec_module(new_module)
  File "<frozen importlib._bootstrap_external>", line 850, in exec_module
  File "<frozen importlib._bootstrap>", line 228, in _call_with_frames_removed
  File "/opt/airflow/dags/lantern_docling_to_cloud.py", line 29, in <module>
    from guidance_extractor import create_extractor
  File "/opt/airflow/dags/lantern-dow30/guidance_extractor.py", line 13, in <module>
    import guidance
ModuleNotFoundError: No module named 'guidance'
[2025-10-10T13:01:15.657+0000] {processor.py:842} WARNING - No viable dags retrieved from /opt/airflow/dags/lantern_docling_to_cloud.py
[2025-10-10T13:01:15.672+0000] {processor.py:183} INFO - Processing /opt/airflow/dags/lantern_docling_to_cloud.py took 0.033 seconds
[2025-10-10T13:01:46.311+0000] {processor.py:161} INFO - Started process (PID=1459) to work on /opt/airflow/dags/lantern_docling_to_cloud.py
[2025-10-10T13:01:46.312+0000] {processor.py:830} INFO - Processing file /opt/airflow/dags/lantern_docling_to_cloud.py for tasks to queue
[2025-10-10T13:01:46.315+0000] {logging_mixin.py:188} INFO - [2025-10-10T13:01:46.315+0000] {dagbag.py:538} INFO - Filling up the DagBag from /opt/airflow/dags/lantern_docling_to_cloud.py
[2025-10-10T13:01:46.339+0000] {logging_mixin.py:188} INFO - [2025-10-10T13:01:46.334+0000] {dagbag.py:348} ERROR - Failed to import: /opt/airflow/dags/lantern_docling_to_cloud.py
Traceback (most recent call last):
  File "/home/airflow/.local/lib/python3.9/site-packages/airflow/models/dagbag.py", line 344, in parse
    loader.exec_module(new_module)
  File "<frozen importlib._bootstrap_external>", line 850, in exec_module
  File "<frozen importlib._bootstrap>", line 228, in _call_with_frames_removed
  File "/opt/airflow/dags/lantern_docling_to_cloud.py", line 29, in <module>
    from guidance_extractor import create_extractor
  File "/opt/airflow/dags/lantern-dow30/guidance_extractor.py", line 13, in <module>
    import guidance
ModuleNotFoundError: No module named 'guidance'
[2025-10-10T13:01:46.342+0000] {processor.py:842} WARNING - No viable dags retrieved from /opt/airflow/dags/lantern_docling_to_cloud.py
[2025-10-10T13:01:46.388+0000] {processor.py:183} INFO - Processing /opt/airflow/dags/lantern_docling_to_cloud.py took 0.080 seconds
[2025-10-10T13:02:16.977+0000] {processor.py:161} INFO - Started process (PID=1490) to work on /opt/airflow/dags/lantern_docling_to_cloud.py
[2025-10-10T13:02:16.979+0000] {processor.py:830} INFO - Processing file /opt/airflow/dags/lantern_docling_to_cloud.py for tasks to queue
[2025-10-10T13:02:16.981+0000] {logging_mixin.py:188} INFO - [2025-10-10T13:02:16.981+0000] {dagbag.py:538} INFO - Filling up the DagBag from /opt/airflow/dags/lantern_docling_to_cloud.py
[2025-10-10T13:02:17.004+0000] {logging_mixin.py:188} INFO - [2025-10-10T13:02:17.000+0000] {dagbag.py:348} ERROR - Failed to import: /opt/airflow/dags/lantern_docling_to_cloud.py
Traceback (most recent call last):
  File "/home/airflow/.local/lib/python3.9/site-packages/airflow/models/dagbag.py", line 344, in parse
    loader.exec_module(new_module)
  File "<frozen importlib._bootstrap_external>", line 850, in exec_module
  File "<frozen importlib._bootstrap>", line 228, in _call_with_frames_removed
  File "/opt/airflow/dags/lantern_docling_to_cloud.py", line 29, in <module>
    from guidance_extractor import create_extractor
  File "/opt/airflow/dags/lantern-dow30/guidance_extractor.py", line 13, in <module>
    import guidance
ModuleNotFoundError: No module named 'guidance'
[2025-10-10T13:02:17.004+0000] {processor.py:842} WARNING - No viable dags retrieved from /opt/airflow/dags/lantern_docling_to_cloud.py
[2025-10-10T13:02:17.038+0000] {processor.py:183} INFO - Processing /opt/airflow/dags/lantern_docling_to_cloud.py took 0.067 seconds
[2025-10-10T13:02:47.697+0000] {processor.py:161} INFO - Started process (PID=1521) to work on /opt/airflow/dags/lantern_docling_to_cloud.py
[2025-10-10T13:02:47.697+0000] {processor.py:830} INFO - Processing file /opt/airflow/dags/lantern_docling_to_cloud.py for tasks to queue
[2025-10-10T13:02:47.699+0000] {logging_mixin.py:188} INFO - [2025-10-10T13:02:47.698+0000] {dagbag.py:538} INFO - Filling up the DagBag from /opt/airflow/dags/lantern_docling_to_cloud.py
[2025-10-10T13:02:47.710+0000] {logging_mixin.py:188} INFO - [2025-10-10T13:02:47.707+0000] {dagbag.py:348} ERROR - Failed to import: /opt/airflow/dags/lantern_docling_to_cloud.py
Traceback (most recent call last):
  File "/home/airflow/.local/lib/python3.9/site-packages/airflow/models/dagbag.py", line 344, in parse
    loader.exec_module(new_module)
  File "<frozen importlib._bootstrap_external>", line 850, in exec_module
  File "<frozen importlib._bootstrap>", line 228, in _call_with_frames_removed
  File "/opt/airflow/dags/lantern_docling_to_cloud.py", line 29, in <module>
    from guidance_extractor import create_extractor
  File "/opt/airflow/dags/lantern-dow30/guidance_extractor.py", line 13, in <module>
    import guidance
ModuleNotFoundError: No module named 'guidance'
[2025-10-10T13:02:47.712+0000] {processor.py:842} WARNING - No viable dags retrieved from /opt/airflow/dags/lantern_docling_to_cloud.py
[2025-10-10T13:02:47.728+0000] {processor.py:183} INFO - Processing /opt/airflow/dags/lantern_docling_to_cloud.py took 0.034 seconds
[2025-10-10T13:03:18.362+0000] {processor.py:161} INFO - Started process (PID=1552) to work on /opt/airflow/dags/lantern_docling_to_cloud.py
[2025-10-10T13:03:18.363+0000] {processor.py:830} INFO - Processing file /opt/airflow/dags/lantern_docling_to_cloud.py for tasks to queue
[2025-10-10T13:03:18.366+0000] {logging_mixin.py:188} INFO - [2025-10-10T13:03:18.366+0000] {dagbag.py:538} INFO - Filling up the DagBag from /opt/airflow/dags/lantern_docling_to_cloud.py
[2025-10-10T13:03:18.381+0000] {logging_mixin.py:188} INFO - [2025-10-10T13:03:18.379+0000] {dagbag.py:348} ERROR - Failed to import: /opt/airflow/dags/lantern_docling_to_cloud.py
Traceback (most recent call last):
  File "/home/airflow/.local/lib/python3.9/site-packages/airflow/models/dagbag.py", line 344, in parse
    loader.exec_module(new_module)
  File "<frozen importlib._bootstrap_external>", line 850, in exec_module
  File "<frozen importlib._bootstrap>", line 228, in _call_with_frames_removed
  File "/opt/airflow/dags/lantern_docling_to_cloud.py", line 29, in <module>
    from guidance_extractor import create_extractor
  File "/opt/airflow/dags/lantern-dow30/guidance_extractor.py", line 13, in <module>
    import guidance
ModuleNotFoundError: No module named 'guidance'
[2025-10-10T13:03:18.382+0000] {processor.py:842} WARNING - No viable dags retrieved from /opt/airflow/dags/lantern_docling_to_cloud.py
[2025-10-10T13:03:18.394+0000] {processor.py:183} INFO - Processing /opt/airflow/dags/lantern_docling_to_cloud.py took 0.035 seconds
[2025-10-10T13:03:48.968+0000] {processor.py:161} INFO - Started process (PID=1583) to work on /opt/airflow/dags/lantern_docling_to_cloud.py
[2025-10-10T13:03:48.970+0000] {processor.py:830} INFO - Processing file /opt/airflow/dags/lantern_docling_to_cloud.py for tasks to queue
[2025-10-10T13:03:48.971+0000] {logging_mixin.py:188} INFO - [2025-10-10T13:03:48.971+0000] {dagbag.py:538} INFO - Filling up the DagBag from /opt/airflow/dags/lantern_docling_to_cloud.py
[2025-10-10T13:03:48.980+0000] {logging_mixin.py:188} INFO - [2025-10-10T13:03:48.977+0000] {dagbag.py:348} ERROR - Failed to import: /opt/airflow/dags/lantern_docling_to_cloud.py
Traceback (most recent call last):
  File "/home/airflow/.local/lib/python3.9/site-packages/airflow/models/dagbag.py", line 344, in parse
    loader.exec_module(new_module)
  File "<frozen importlib._bootstrap_external>", line 850, in exec_module
  File "<frozen importlib._bootstrap>", line 228, in _call_with_frames_removed
  File "/opt/airflow/dags/lantern_docling_to_cloud.py", line 29, in <module>
    from guidance_extractor import create_extractor
  File "/opt/airflow/dags/lantern-dow30/guidance_extractor.py", line 13, in <module>
    import guidance
ModuleNotFoundError: No module named 'guidance'
[2025-10-10T13:03:48.980+0000] {processor.py:842} WARNING - No viable dags retrieved from /opt/airflow/dags/lantern_docling_to_cloud.py
[2025-10-10T13:03:49.000+0000] {processor.py:183} INFO - Processing /opt/airflow/dags/lantern_docling_to_cloud.py took 0.039 seconds
[2025-10-10T13:04:31.465+0000] {processor.py:161} INFO - Started process (PID=1643) to work on /opt/airflow/dags/lantern_docling_to_cloud.py
[2025-10-10T13:04:31.546+0000] {processor.py:830} INFO - Processing file /opt/airflow/dags/lantern_docling_to_cloud.py for tasks to queue
[2025-10-10T13:04:31.676+0000] {logging_mixin.py:188} INFO - [2025-10-10T13:04:31.670+0000] {dagbag.py:538} INFO - Filling up the DagBag from /opt/airflow/dags/lantern_docling_to_cloud.py
[2025-10-10T13:04:32.232+0000] {logging_mixin.py:188} INFO - [2025-10-10T13:04:32.152+0000] {dagbag.py:348} ERROR - Failed to import: /opt/airflow/dags/lantern_docling_to_cloud.py
Traceback (most recent call last):
  File "/home/airflow/.local/lib/python3.9/site-packages/airflow/models/dagbag.py", line 344, in parse
    loader.exec_module(new_module)
  File "<frozen importlib._bootstrap_external>", line 850, in exec_module
  File "<frozen importlib._bootstrap>", line 228, in _call_with_frames_removed
  File "/opt/airflow/dags/lantern_docling_to_cloud.py", line 29, in <module>
    from guidance_extractor import create_extractor
  File "/opt/airflow/dags/lantern-dow30/guidance_extractor.py", line 13, in <module>
    import guidance
ModuleNotFoundError: No module named 'guidance'
[2025-10-10T13:04:32.266+0000] {processor.py:842} WARNING - No viable dags retrieved from /opt/airflow/dags/lantern_docling_to_cloud.py
[2025-10-10T13:04:32.939+0000] {processor.py:183} INFO - Processing /opt/airflow/dags/lantern_docling_to_cloud.py took 1.712 seconds
[2025-10-10T13:05:16.628+0000] {processor.py:161} INFO - Started process (PID=2021) to work on /opt/airflow/dags/lantern_docling_to_cloud.py
[2025-10-10T13:05:16.637+0000] {processor.py:830} INFO - Processing file /opt/airflow/dags/lantern_docling_to_cloud.py for tasks to queue
[2025-10-10T13:05:16.695+0000] {logging_mixin.py:188} INFO - [2025-10-10T13:05:16.683+0000] {dagbag.py:538} INFO - Filling up the DagBag from /opt/airflow/dags/lantern_docling_to_cloud.py
[2025-10-10T13:05:17.033+0000] {logging_mixin.py:188} INFO - [2025-10-10T13:05:17.000+0000] {dagbag.py:348} ERROR - Failed to import: /opt/airflow/dags/lantern_docling_to_cloud.py
Traceback (most recent call last):
  File "/home/airflow/.local/lib/python3.9/site-packages/airflow/models/dagbag.py", line 344, in parse
    loader.exec_module(new_module)
  File "<frozen importlib._bootstrap_external>", line 850, in exec_module
  File "<frozen importlib._bootstrap>", line 228, in _call_with_frames_removed
  File "/opt/airflow/dags/lantern_docling_to_cloud.py", line 29, in <module>
    from guidance_extractor import create_extractor
  File "/opt/airflow/dags/lantern-dow30/guidance_extractor.py", line 13, in <module>
    import guidance
ModuleNotFoundError: No module named 'guidance'
[2025-10-10T13:05:17.046+0000] {processor.py:842} WARNING - No viable dags retrieved from /opt/airflow/dags/lantern_docling_to_cloud.py
[2025-10-10T13:05:17.265+0000] {processor.py:183} INFO - Processing /opt/airflow/dags/lantern_docling_to_cloud.py took 0.682 seconds
[2025-10-10T13:05:48.632+0000] {processor.py:161} INFO - Started process (PID=2253) to work on /opt/airflow/dags/lantern_docling_to_cloud.py
[2025-10-10T13:05:48.700+0000] {processor.py:830} INFO - Processing file /opt/airflow/dags/lantern_docling_to_cloud.py for tasks to queue
[2025-10-10T13:05:48.922+0000] {logging_mixin.py:188} INFO - [2025-10-10T13:05:48.911+0000] {dagbag.py:538} INFO - Filling up the DagBag from /opt/airflow/dags/lantern_docling_to_cloud.py
[2025-10-10T13:05:49.398+0000] {logging_mixin.py:188} INFO - [2025-10-10T13:05:49.262+0000] {dagbag.py:348} ERROR - Failed to import: /opt/airflow/dags/lantern_docling_to_cloud.py
Traceback (most recent call last):
  File "/home/airflow/.local/lib/python3.9/site-packages/airflow/models/dagbag.py", line 344, in parse
    loader.exec_module(new_module)
  File "<frozen importlib._bootstrap_external>", line 850, in exec_module
  File "<frozen importlib._bootstrap>", line 228, in _call_with_frames_removed
  File "/opt/airflow/dags/lantern_docling_to_cloud.py", line 29, in <module>
    from guidance_extractor import create_extractor
  File "/opt/airflow/dags/lantern-dow30/guidance_extractor.py", line 13, in <module>
    import guidance
ModuleNotFoundError: No module named 'guidance'
[2025-10-10T13:05:49.412+0000] {processor.py:842} WARNING - No viable dags retrieved from /opt/airflow/dags/lantern_docling_to_cloud.py
[2025-10-10T13:05:51.195+0000] {processor.py:183} INFO - Processing /opt/airflow/dags/lantern_docling_to_cloud.py took 2.951 seconds
