[2025-10-10T12:53:22.656+0000] {processor.py:161} INFO - Started process (PID=170) to work on /opt/airflow/dags/simple_earnings_pipeline.py
[2025-10-10T12:53:22.657+0000] {processor.py:830} INFO - Processing file /opt/airflow/dags/simple_earnings_pipeline.py for tasks to queue
[2025-10-10T12:53:22.657+0000] {logging_mixin.py:188} INFO - [2025-10-10T12:53:22.657+0000] {dagbag.py:538} INFO - Filling up the DagBag from /opt/airflow/dags/simple_earnings_pipeline.py
[2025-10-10T12:53:22.692+0000] {processor.py:840} INFO - DAG(s) 'simple_earnings_pipeline' retrieved from /opt/airflow/dags/simple_earnings_pipeline.py
[2025-10-10T12:53:22.705+0000] {logging_mixin.py:188} INFO - [2025-10-10T12:53:22.704+0000] {dag.py:3033} INFO - Sync 1 DAGs
[2025-10-10T12:53:22.719+0000] {logging_mixin.py:188} INFO - [2025-10-10T12:53:22.719+0000] {dag.py:3820} INFO - Setting next_dagrun for simple_earnings_pipeline to 2025-09-28T00:00:00+00:00, run_after=2025-10-05T00:00:00+00:00
[2025-10-10T12:53:22.733+0000] {processor.py:183} INFO - Processing /opt/airflow/dags/simple_earnings_pipeline.py took 0.079 seconds
[2025-10-10T12:53:53.596+0000] {processor.py:161} INFO - Started process (PID=223) to work on /opt/airflow/dags/simple_earnings_pipeline.py
[2025-10-10T12:53:53.597+0000] {processor.py:830} INFO - Processing file /opt/airflow/dags/simple_earnings_pipeline.py for tasks to queue
[2025-10-10T12:53:53.598+0000] {logging_mixin.py:188} INFO - [2025-10-10T12:53:53.598+0000] {dagbag.py:538} INFO - Filling up the DagBag from /opt/airflow/dags/simple_earnings_pipeline.py
[2025-10-10T12:53:53.626+0000] {processor.py:840} INFO - DAG(s) 'simple_earnings_pipeline' retrieved from /opt/airflow/dags/simple_earnings_pipeline.py
[2025-10-10T12:53:53.860+0000] {logging_mixin.py:188} INFO - [2025-10-10T12:53:53.859+0000] {dag.py:3033} INFO - Sync 1 DAGs
[2025-10-10T12:53:53.881+0000] {logging_mixin.py:188} INFO - [2025-10-10T12:53:53.881+0000] {dag.py:3820} INFO - Setting next_dagrun for simple_earnings_pipeline to 2025-09-28T00:00:00+00:00, run_after=2025-10-05T00:00:00+00:00
[2025-10-10T12:53:53.909+0000] {processor.py:183} INFO - Processing /opt/airflow/dags/simple_earnings_pipeline.py took 0.315 seconds
[2025-10-10T12:54:25.934+0000] {processor.py:161} INFO - Started process (PID=297) to work on /opt/airflow/dags/simple_earnings_pipeline.py
[2025-10-10T12:54:25.979+0000] {processor.py:830} INFO - Processing file /opt/airflow/dags/simple_earnings_pipeline.py for tasks to queue
[2025-10-10T12:54:26.042+0000] {logging_mixin.py:188} INFO - [2025-10-10T12:54:26.025+0000] {dagbag.py:538} INFO - Filling up the DagBag from /opt/airflow/dags/simple_earnings_pipeline.py
[2025-10-10T12:54:27.631+0000] {processor.py:840} INFO - DAG(s) 'simple_earnings_pipeline' retrieved from /opt/airflow/dags/simple_earnings_pipeline.py
[2025-10-10T12:54:28.710+0000] {logging_mixin.py:188} INFO - [2025-10-10T12:54:28.670+0000] {dag.py:3033} INFO - Sync 1 DAGs
[2025-10-10T12:54:29.695+0000] {logging_mixin.py:188} INFO - [2025-10-10T12:54:29.661+0000] {dag.py:3820} INFO - Setting next_dagrun for simple_earnings_pipeline to 2025-09-28T00:00:00+00:00, run_after=2025-10-05T00:00:00+00:00
[2025-10-10T12:54:30.322+0000] {processor.py:183} INFO - Processing /opt/airflow/dags/simple_earnings_pipeline.py took 4.733 seconds
[2025-10-10T12:55:01.521+0000] {processor.py:161} INFO - Started process (PID=725) to work on /opt/airflow/dags/simple_earnings_pipeline.py
[2025-10-10T12:55:01.537+0000] {processor.py:830} INFO - Processing file /opt/airflow/dags/simple_earnings_pipeline.py for tasks to queue
[2025-10-10T12:55:01.603+0000] {logging_mixin.py:188} INFO - [2025-10-10T12:55:01.592+0000] {dagbag.py:538} INFO - Filling up the DagBag from /opt/airflow/dags/simple_earnings_pipeline.py
[2025-10-10T12:55:02.707+0000] {processor.py:840} INFO - DAG(s) 'simple_earnings_pipeline' retrieved from /opt/airflow/dags/simple_earnings_pipeline.py
[2025-10-10T12:55:03.519+0000] {logging_mixin.py:188} INFO - [2025-10-10T12:55:03.488+0000] {dag.py:3033} INFO - Sync 1 DAGs
[2025-10-10T12:55:04.279+0000] {logging_mixin.py:188} INFO - [2025-10-10T12:55:04.277+0000] {dag.py:3820} INFO - Setting next_dagrun for simple_earnings_pipeline to 2025-09-28T00:00:00+00:00, run_after=2025-10-05T00:00:00+00:00
[2025-10-10T12:55:04.624+0000] {processor.py:183} INFO - Processing /opt/airflow/dags/simple_earnings_pipeline.py took 3.177 seconds
[2025-10-10T12:55:35.110+0000] {processor.py:161} INFO - Started process (PID=1061) to work on /opt/airflow/dags/simple_earnings_pipeline.py
[2025-10-10T12:55:35.116+0000] {processor.py:830} INFO - Processing file /opt/airflow/dags/simple_earnings_pipeline.py for tasks to queue
[2025-10-10T12:55:35.123+0000] {logging_mixin.py:188} INFO - [2025-10-10T12:55:35.122+0000] {dagbag.py:538} INFO - Filling up the DagBag from /opt/airflow/dags/simple_earnings_pipeline.py
[2025-10-10T12:55:35.315+0000] {processor.py:840} INFO - DAG(s) 'simple_earnings_pipeline' retrieved from /opt/airflow/dags/simple_earnings_pipeline.py
[2025-10-10T12:55:35.406+0000] {logging_mixin.py:188} INFO - [2025-10-10T12:55:35.402+0000] {dag.py:3033} INFO - Sync 1 DAGs
[2025-10-10T12:55:35.479+0000] {logging_mixin.py:188} INFO - [2025-10-10T12:55:35.479+0000] {dag.py:3820} INFO - Setting next_dagrun for simple_earnings_pipeline to 2025-09-28T00:00:00+00:00, run_after=2025-10-05T00:00:00+00:00
[2025-10-10T12:55:35.514+0000] {processor.py:183} INFO - Processing /opt/airflow/dags/simple_earnings_pipeline.py took 0.425 seconds
[2025-10-10T12:56:05.593+0000] {processor.py:161} INFO - Started process (PID=1108) to work on /opt/airflow/dags/simple_earnings_pipeline.py
[2025-10-10T12:56:05.597+0000] {processor.py:830} INFO - Processing file /opt/airflow/dags/simple_earnings_pipeline.py for tasks to queue
[2025-10-10T12:56:05.602+0000] {logging_mixin.py:188} INFO - [2025-10-10T12:56:05.601+0000] {dagbag.py:538} INFO - Filling up the DagBag from /opt/airflow/dags/simple_earnings_pipeline.py
[2025-10-10T12:56:05.707+0000] {processor.py:840} INFO - DAG(s) 'simple_earnings_pipeline' retrieved from /opt/airflow/dags/simple_earnings_pipeline.py
[2025-10-10T12:56:05.749+0000] {logging_mixin.py:188} INFO - [2025-10-10T12:56:05.747+0000] {dag.py:3033} INFO - Sync 1 DAGs
[2025-10-10T12:56:05.831+0000] {logging_mixin.py:188} INFO - [2025-10-10T12:56:05.830+0000] {dag.py:3820} INFO - Setting next_dagrun for simple_earnings_pipeline to 2025-09-28T00:00:00+00:00, run_after=2025-10-05T00:00:00+00:00
[2025-10-10T12:56:05.852+0000] {processor.py:183} INFO - Processing /opt/airflow/dags/simple_earnings_pipeline.py took 0.266 seconds
[2025-10-10T12:56:36.508+0000] {processor.py:161} INFO - Started process (PID=1139) to work on /opt/airflow/dags/simple_earnings_pipeline.py
[2025-10-10T12:56:36.510+0000] {processor.py:830} INFO - Processing file /opt/airflow/dags/simple_earnings_pipeline.py for tasks to queue
[2025-10-10T12:56:36.513+0000] {logging_mixin.py:188} INFO - [2025-10-10T12:56:36.512+0000] {dagbag.py:538} INFO - Filling up the DagBag from /opt/airflow/dags/simple_earnings_pipeline.py
[2025-10-10T12:56:36.552+0000] {processor.py:840} INFO - DAG(s) 'simple_earnings_pipeline' retrieved from /opt/airflow/dags/simple_earnings_pipeline.py
[2025-10-10T12:56:36.575+0000] {logging_mixin.py:188} INFO - [2025-10-10T12:56:36.574+0000] {dag.py:3033} INFO - Sync 1 DAGs
[2025-10-10T12:56:36.609+0000] {logging_mixin.py:188} INFO - [2025-10-10T12:56:36.609+0000] {dag.py:3820} INFO - Setting next_dagrun for simple_earnings_pipeline to 2025-09-28T00:00:00+00:00, run_after=2025-10-05T00:00:00+00:00
[2025-10-10T12:56:36.622+0000] {processor.py:183} INFO - Processing /opt/airflow/dags/simple_earnings_pipeline.py took 0.123 seconds
[2025-10-10T12:57:07.162+0000] {processor.py:161} INFO - Started process (PID=1170) to work on /opt/airflow/dags/simple_earnings_pipeline.py
[2025-10-10T12:57:07.163+0000] {processor.py:830} INFO - Processing file /opt/airflow/dags/simple_earnings_pipeline.py for tasks to queue
[2025-10-10T12:57:07.165+0000] {logging_mixin.py:188} INFO - [2025-10-10T12:57:07.165+0000] {dagbag.py:538} INFO - Filling up the DagBag from /opt/airflow/dags/simple_earnings_pipeline.py
[2025-10-10T12:57:07.199+0000] {processor.py:840} INFO - DAG(s) 'simple_earnings_pipeline' retrieved from /opt/airflow/dags/simple_earnings_pipeline.py
[2025-10-10T12:57:07.214+0000] {logging_mixin.py:188} INFO - [2025-10-10T12:57:07.214+0000] {dag.py:3033} INFO - Sync 1 DAGs
[2025-10-10T12:57:07.237+0000] {logging_mixin.py:188} INFO - [2025-10-10T12:57:07.237+0000] {dag.py:3820} INFO - Setting next_dagrun for simple_earnings_pipeline to 2025-09-28T00:00:00+00:00, run_after=2025-10-05T00:00:00+00:00
[2025-10-10T12:57:07.250+0000] {processor.py:183} INFO - Processing /opt/airflow/dags/simple_earnings_pipeline.py took 0.093 seconds
[2025-10-10T12:57:37.879+0000] {processor.py:161} INFO - Started process (PID=1201) to work on /opt/airflow/dags/simple_earnings_pipeline.py
[2025-10-10T12:57:37.881+0000] {processor.py:830} INFO - Processing file /opt/airflow/dags/simple_earnings_pipeline.py for tasks to queue
[2025-10-10T12:57:37.884+0000] {logging_mixin.py:188} INFO - [2025-10-10T12:57:37.884+0000] {dagbag.py:538} INFO - Filling up the DagBag from /opt/airflow/dags/simple_earnings_pipeline.py
[2025-10-10T12:57:37.924+0000] {processor.py:840} INFO - DAG(s) 'simple_earnings_pipeline' retrieved from /opt/airflow/dags/simple_earnings_pipeline.py
[2025-10-10T12:57:37.942+0000] {logging_mixin.py:188} INFO - [2025-10-10T12:57:37.941+0000] {dag.py:3033} INFO - Sync 1 DAGs
[2025-10-10T12:57:37.962+0000] {logging_mixin.py:188} INFO - [2025-10-10T12:57:37.962+0000] {dag.py:3820} INFO - Setting next_dagrun for simple_earnings_pipeline to 2025-09-28T00:00:00+00:00, run_after=2025-10-05T00:00:00+00:00
[2025-10-10T12:57:37.974+0000] {processor.py:183} INFO - Processing /opt/airflow/dags/simple_earnings_pipeline.py took 0.107 seconds
[2025-10-10T12:58:08.585+0000] {processor.py:161} INFO - Started process (PID=1232) to work on /opt/airflow/dags/simple_earnings_pipeline.py
[2025-10-10T12:58:08.587+0000] {processor.py:830} INFO - Processing file /opt/airflow/dags/simple_earnings_pipeline.py for tasks to queue
[2025-10-10T12:58:08.589+0000] {logging_mixin.py:188} INFO - [2025-10-10T12:58:08.589+0000] {dagbag.py:538} INFO - Filling up the DagBag from /opt/airflow/dags/simple_earnings_pipeline.py
[2025-10-10T12:58:08.626+0000] {processor.py:840} INFO - DAG(s) 'simple_earnings_pipeline' retrieved from /opt/airflow/dags/simple_earnings_pipeline.py
[2025-10-10T12:58:08.639+0000] {logging_mixin.py:188} INFO - [2025-10-10T12:58:08.638+0000] {dag.py:3033} INFO - Sync 1 DAGs
[2025-10-10T12:58:08.656+0000] {logging_mixin.py:188} INFO - [2025-10-10T12:58:08.656+0000] {dag.py:3820} INFO - Setting next_dagrun for simple_earnings_pipeline to 2025-09-28T00:00:00+00:00, run_after=2025-10-05T00:00:00+00:00
[2025-10-10T12:58:08.668+0000] {processor.py:183} INFO - Processing /opt/airflow/dags/simple_earnings_pipeline.py took 0.090 seconds
[2025-10-10T12:58:39.250+0000] {processor.py:161} INFO - Started process (PID=1263) to work on /opt/airflow/dags/simple_earnings_pipeline.py
[2025-10-10T12:58:39.251+0000] {processor.py:830} INFO - Processing file /opt/airflow/dags/simple_earnings_pipeline.py for tasks to queue
[2025-10-10T12:58:39.254+0000] {logging_mixin.py:188} INFO - [2025-10-10T12:58:39.253+0000] {dagbag.py:538} INFO - Filling up the DagBag from /opt/airflow/dags/simple_earnings_pipeline.py
[2025-10-10T12:58:39.286+0000] {processor.py:840} INFO - DAG(s) 'simple_earnings_pipeline' retrieved from /opt/airflow/dags/simple_earnings_pipeline.py
[2025-10-10T12:58:39.303+0000] {logging_mixin.py:188} INFO - [2025-10-10T12:58:39.302+0000] {dag.py:3033} INFO - Sync 1 DAGs
[2025-10-10T12:58:39.323+0000] {logging_mixin.py:188} INFO - [2025-10-10T12:58:39.323+0000] {dag.py:3820} INFO - Setting next_dagrun for simple_earnings_pipeline to 2025-09-28T00:00:00+00:00, run_after=2025-10-05T00:00:00+00:00
[2025-10-10T12:58:39.336+0000] {processor.py:183} INFO - Processing /opt/airflow/dags/simple_earnings_pipeline.py took 0.092 seconds
[2025-10-10T12:59:10.022+0000] {processor.py:161} INFO - Started process (PID=1296) to work on /opt/airflow/dags/simple_earnings_pipeline.py
[2025-10-10T12:59:10.023+0000] {processor.py:830} INFO - Processing file /opt/airflow/dags/simple_earnings_pipeline.py for tasks to queue
[2025-10-10T12:59:10.032+0000] {logging_mixin.py:188} INFO - [2025-10-10T12:59:10.032+0000] {dagbag.py:538} INFO - Filling up the DagBag from /opt/airflow/dags/simple_earnings_pipeline.py
[2025-10-10T12:59:10.085+0000] {processor.py:840} INFO - DAG(s) 'simple_earnings_pipeline' retrieved from /opt/airflow/dags/simple_earnings_pipeline.py
[2025-10-10T12:59:10.109+0000] {logging_mixin.py:188} INFO - [2025-10-10T12:59:10.109+0000] {dag.py:3033} INFO - Sync 1 DAGs
[2025-10-10T12:59:10.141+0000] {logging_mixin.py:188} INFO - [2025-10-10T12:59:10.141+0000] {dag.py:3820} INFO - Setting next_dagrun for simple_earnings_pipeline to 2025-09-28T00:00:00+00:00, run_after=2025-10-05T00:00:00+00:00
[2025-10-10T12:59:10.161+0000] {processor.py:183} INFO - Processing /opt/airflow/dags/simple_earnings_pipeline.py took 0.145 seconds
[2025-10-10T12:59:40.765+0000] {processor.py:161} INFO - Started process (PID=1327) to work on /opt/airflow/dags/simple_earnings_pipeline.py
[2025-10-10T12:59:40.767+0000] {processor.py:830} INFO - Processing file /opt/airflow/dags/simple_earnings_pipeline.py for tasks to queue
[2025-10-10T12:59:40.770+0000] {logging_mixin.py:188} INFO - [2025-10-10T12:59:40.770+0000] {dagbag.py:538} INFO - Filling up the DagBag from /opt/airflow/dags/simple_earnings_pipeline.py
[2025-10-10T12:59:40.827+0000] {processor.py:840} INFO - DAG(s) 'simple_earnings_pipeline' retrieved from /opt/airflow/dags/simple_earnings_pipeline.py
[2025-10-10T12:59:40.852+0000] {logging_mixin.py:188} INFO - [2025-10-10T12:59:40.851+0000] {dag.py:3033} INFO - Sync 1 DAGs
[2025-10-10T12:59:40.877+0000] {logging_mixin.py:188} INFO - [2025-10-10T12:59:40.877+0000] {dag.py:3820} INFO - Setting next_dagrun for simple_earnings_pipeline to 2025-09-28T00:00:00+00:00, run_after=2025-10-05T00:00:00+00:00
[2025-10-10T12:59:40.889+0000] {processor.py:183} INFO - Processing /opt/airflow/dags/simple_earnings_pipeline.py took 0.132 seconds
[2025-10-10T13:00:11.715+0000] {processor.py:161} INFO - Started process (PID=1358) to work on /opt/airflow/dags/simple_earnings_pipeline.py
[2025-10-10T13:00:11.718+0000] {processor.py:830} INFO - Processing file /opt/airflow/dags/simple_earnings_pipeline.py for tasks to queue
[2025-10-10T13:00:11.721+0000] {logging_mixin.py:188} INFO - [2025-10-10T13:00:11.721+0000] {dagbag.py:538} INFO - Filling up the DagBag from /opt/airflow/dags/simple_earnings_pipeline.py
[2025-10-10T13:00:11.775+0000] {processor.py:840} INFO - DAG(s) 'simple_earnings_pipeline' retrieved from /opt/airflow/dags/simple_earnings_pipeline.py
[2025-10-10T13:00:11.800+0000] {logging_mixin.py:188} INFO - [2025-10-10T13:00:11.799+0000] {dag.py:3033} INFO - Sync 1 DAGs
[2025-10-10T13:00:11.828+0000] {logging_mixin.py:188} INFO - [2025-10-10T13:00:11.828+0000] {dag.py:3820} INFO - Setting next_dagrun for simple_earnings_pipeline to 2025-09-28T00:00:00+00:00, run_after=2025-10-05T00:00:00+00:00
[2025-10-10T13:00:11.841+0000] {processor.py:183} INFO - Processing /opt/airflow/dags/simple_earnings_pipeline.py took 0.134 seconds
[2025-10-10T13:00:42.664+0000] {processor.py:161} INFO - Started process (PID=1389) to work on /opt/airflow/dags/simple_earnings_pipeline.py
[2025-10-10T13:00:42.667+0000] {processor.py:830} INFO - Processing file /opt/airflow/dags/simple_earnings_pipeline.py for tasks to queue
[2025-10-10T13:00:42.674+0000] {logging_mixin.py:188} INFO - [2025-10-10T13:00:42.673+0000] {dagbag.py:538} INFO - Filling up the DagBag from /opt/airflow/dags/simple_earnings_pipeline.py
[2025-10-10T13:00:42.728+0000] {processor.py:840} INFO - DAG(s) 'simple_earnings_pipeline' retrieved from /opt/airflow/dags/simple_earnings_pipeline.py
[2025-10-10T13:00:42.757+0000] {logging_mixin.py:188} INFO - [2025-10-10T13:00:42.756+0000] {dag.py:3033} INFO - Sync 1 DAGs
[2025-10-10T13:00:42.792+0000] {logging_mixin.py:188} INFO - [2025-10-10T13:00:42.792+0000] {dag.py:3820} INFO - Setting next_dagrun for simple_earnings_pipeline to 2025-09-28T00:00:00+00:00, run_after=2025-10-05T00:00:00+00:00
[2025-10-10T13:00:42.887+0000] {processor.py:183} INFO - Processing /opt/airflow/dags/simple_earnings_pipeline.py took 0.233 seconds
[2025-10-10T13:01:13.544+0000] {processor.py:161} INFO - Started process (PID=1420) to work on /opt/airflow/dags/simple_earnings_pipeline.py
[2025-10-10T13:01:13.545+0000] {processor.py:830} INFO - Processing file /opt/airflow/dags/simple_earnings_pipeline.py for tasks to queue
[2025-10-10T13:01:13.549+0000] {logging_mixin.py:188} INFO - [2025-10-10T13:01:13.548+0000] {dagbag.py:538} INFO - Filling up the DagBag from /opt/airflow/dags/simple_earnings_pipeline.py
[2025-10-10T13:01:13.585+0000] {processor.py:840} INFO - DAG(s) 'simple_earnings_pipeline' retrieved from /opt/airflow/dags/simple_earnings_pipeline.py
[2025-10-10T13:01:13.602+0000] {logging_mixin.py:188} INFO - [2025-10-10T13:01:13.602+0000] {dag.py:3033} INFO - Sync 1 DAGs
[2025-10-10T13:01:13.621+0000] {logging_mixin.py:188} INFO - [2025-10-10T13:01:13.621+0000] {dag.py:3820} INFO - Setting next_dagrun for simple_earnings_pipeline to 2025-09-28T00:00:00+00:00, run_after=2025-10-05T00:00:00+00:00
[2025-10-10T13:01:13.632+0000] {processor.py:183} INFO - Processing /opt/airflow/dags/simple_earnings_pipeline.py took 0.095 seconds
[2025-10-10T13:01:44.228+0000] {processor.py:161} INFO - Started process (PID=1451) to work on /opt/airflow/dags/simple_earnings_pipeline.py
[2025-10-10T13:01:44.229+0000] {processor.py:830} INFO - Processing file /opt/airflow/dags/simple_earnings_pipeline.py for tasks to queue
[2025-10-10T13:01:44.231+0000] {logging_mixin.py:188} INFO - [2025-10-10T13:01:44.231+0000] {dagbag.py:538} INFO - Filling up the DagBag from /opt/airflow/dags/simple_earnings_pipeline.py
[2025-10-10T13:01:44.263+0000] {processor.py:840} INFO - DAG(s) 'simple_earnings_pipeline' retrieved from /opt/airflow/dags/simple_earnings_pipeline.py
[2025-10-10T13:01:44.276+0000] {logging_mixin.py:188} INFO - [2025-10-10T13:01:44.275+0000] {dag.py:3033} INFO - Sync 1 DAGs
[2025-10-10T13:01:44.297+0000] {logging_mixin.py:188} INFO - [2025-10-10T13:01:44.297+0000] {dag.py:3820} INFO - Setting next_dagrun for simple_earnings_pipeline to 2025-09-28T00:00:00+00:00, run_after=2025-10-05T00:00:00+00:00
[2025-10-10T13:01:44.309+0000] {processor.py:183} INFO - Processing /opt/airflow/dags/simple_earnings_pipeline.py took 0.086 seconds
[2025-10-10T13:02:14.882+0000] {processor.py:161} INFO - Started process (PID=1482) to work on /opt/airflow/dags/simple_earnings_pipeline.py
[2025-10-10T13:02:14.884+0000] {processor.py:830} INFO - Processing file /opt/airflow/dags/simple_earnings_pipeline.py for tasks to queue
[2025-10-10T13:02:14.893+0000] {logging_mixin.py:188} INFO - [2025-10-10T13:02:14.892+0000] {dagbag.py:538} INFO - Filling up the DagBag from /opt/airflow/dags/simple_earnings_pipeline.py
[2025-10-10T13:02:14.968+0000] {processor.py:840} INFO - DAG(s) 'simple_earnings_pipeline' retrieved from /opt/airflow/dags/simple_earnings_pipeline.py
[2025-10-10T13:02:14.987+0000] {logging_mixin.py:188} INFO - [2025-10-10T13:02:14.987+0000] {dag.py:3033} INFO - Sync 1 DAGs
[2025-10-10T13:02:15.013+0000] {logging_mixin.py:188} INFO - [2025-10-10T13:02:15.013+0000] {dag.py:3820} INFO - Setting next_dagrun for simple_earnings_pipeline to 2025-09-28T00:00:00+00:00, run_after=2025-10-05T00:00:00+00:00
[2025-10-10T13:02:15.028+0000] {processor.py:183} INFO - Processing /opt/airflow/dags/simple_earnings_pipeline.py took 0.152 seconds
[2025-10-10T13:02:45.587+0000] {processor.py:161} INFO - Started process (PID=1513) to work on /opt/airflow/dags/simple_earnings_pipeline.py
[2025-10-10T13:02:45.593+0000] {processor.py:830} INFO - Processing file /opt/airflow/dags/simple_earnings_pipeline.py for tasks to queue
[2025-10-10T13:02:45.600+0000] {logging_mixin.py:188} INFO - [2025-10-10T13:02:45.599+0000] {dagbag.py:538} INFO - Filling up the DagBag from /opt/airflow/dags/simple_earnings_pipeline.py
[2025-10-10T13:02:45.643+0000] {processor.py:840} INFO - DAG(s) 'simple_earnings_pipeline' retrieved from /opt/airflow/dags/simple_earnings_pipeline.py
[2025-10-10T13:02:45.662+0000] {logging_mixin.py:188} INFO - [2025-10-10T13:02:45.662+0000] {dag.py:3033} INFO - Sync 1 DAGs
[2025-10-10T13:02:45.684+0000] {logging_mixin.py:188} INFO - [2025-10-10T13:02:45.684+0000] {dag.py:3820} INFO - Setting next_dagrun for simple_earnings_pipeline to 2025-09-28T00:00:00+00:00, run_after=2025-10-05T00:00:00+00:00
[2025-10-10T13:02:45.697+0000] {processor.py:183} INFO - Processing /opt/airflow/dags/simple_earnings_pipeline.py took 0.119 seconds
[2025-10-10T13:03:16.317+0000] {processor.py:161} INFO - Started process (PID=1544) to work on /opt/airflow/dags/simple_earnings_pipeline.py
[2025-10-10T13:03:16.320+0000] {processor.py:830} INFO - Processing file /opt/airflow/dags/simple_earnings_pipeline.py for tasks to queue
[2025-10-10T13:03:16.324+0000] {logging_mixin.py:188} INFO - [2025-10-10T13:03:16.324+0000] {dagbag.py:538} INFO - Filling up the DagBag from /opt/airflow/dags/simple_earnings_pipeline.py
[2025-10-10T13:03:16.371+0000] {processor.py:840} INFO - DAG(s) 'simple_earnings_pipeline' retrieved from /opt/airflow/dags/simple_earnings_pipeline.py
[2025-10-10T13:03:16.391+0000] {logging_mixin.py:188} INFO - [2025-10-10T13:03:16.391+0000] {dag.py:3033} INFO - Sync 1 DAGs
[2025-10-10T13:03:16.413+0000] {logging_mixin.py:188} INFO - [2025-10-10T13:03:16.413+0000] {dag.py:3820} INFO - Setting next_dagrun for simple_earnings_pipeline to 2025-09-28T00:00:00+00:00, run_after=2025-10-05T00:00:00+00:00
[2025-10-10T13:03:16.423+0000] {processor.py:183} INFO - Processing /opt/airflow/dags/simple_earnings_pipeline.py took 0.114 seconds
[2025-10-10T13:03:46.890+0000] {processor.py:161} INFO - Started process (PID=1575) to work on /opt/airflow/dags/simple_earnings_pipeline.py
[2025-10-10T13:03:46.892+0000] {processor.py:830} INFO - Processing file /opt/airflow/dags/simple_earnings_pipeline.py for tasks to queue
[2025-10-10T13:03:46.896+0000] {logging_mixin.py:188} INFO - [2025-10-10T13:03:46.896+0000] {dagbag.py:538} INFO - Filling up the DagBag from /opt/airflow/dags/simple_earnings_pipeline.py
[2025-10-10T13:03:46.954+0000] {processor.py:840} INFO - DAG(s) 'simple_earnings_pipeline' retrieved from /opt/airflow/dags/simple_earnings_pipeline.py
[2025-10-10T13:03:46.971+0000] {logging_mixin.py:188} INFO - [2025-10-10T13:03:46.971+0000] {dag.py:3033} INFO - Sync 1 DAGs
[2025-10-10T13:03:46.993+0000] {logging_mixin.py:188} INFO - [2025-10-10T13:03:46.993+0000] {dag.py:3820} INFO - Setting next_dagrun for simple_earnings_pipeline to 2025-09-28T00:00:00+00:00, run_after=2025-10-05T00:00:00+00:00
[2025-10-10T13:03:47.005+0000] {processor.py:183} INFO - Processing /opt/airflow/dags/simple_earnings_pipeline.py took 0.125 seconds
[2025-10-10T13:04:19.201+0000] {processor.py:161} INFO - Started process (PID=1632) to work on /opt/airflow/dags/simple_earnings_pipeline.py
[2025-10-10T13:04:19.336+0000] {processor.py:830} INFO - Processing file /opt/airflow/dags/simple_earnings_pipeline.py for tasks to queue
[2025-10-10T13:04:19.526+0000] {logging_mixin.py:188} INFO - [2025-10-10T13:04:19.423+0000] {dagbag.py:538} INFO - Filling up the DagBag from /opt/airflow/dags/simple_earnings_pipeline.py
[2025-10-10T13:04:24.808+0000] {processor.py:840} INFO - DAG(s) 'simple_earnings_pipeline' retrieved from /opt/airflow/dags/simple_earnings_pipeline.py
[2025-10-10T13:04:26.558+0000] {logging_mixin.py:188} INFO - [2025-10-10T13:04:26.519+0000] {dag.py:3033} INFO - Sync 1 DAGs
[2025-10-10T13:04:28.793+0000] {logging_mixin.py:188} INFO - [2025-10-10T13:04:28.737+0000] {dag.py:3820} INFO - Setting next_dagrun for simple_earnings_pipeline to 2025-09-28T00:00:00+00:00, run_after=2025-10-05T00:00:00+00:00
[2025-10-10T13:04:29.196+0000] {processor.py:183} INFO - Processing /opt/airflow/dags/simple_earnings_pipeline.py took 10.336 seconds
[2025-10-10T13:05:06.376+0000] {processor.py:161} INFO - Started process (PID=1880) to work on /opt/airflow/dags/simple_earnings_pipeline.py
[2025-10-10T13:05:06.430+0000] {processor.py:830} INFO - Processing file /opt/airflow/dags/simple_earnings_pipeline.py for tasks to queue
[2025-10-10T13:05:06.860+0000] {logging_mixin.py:188} INFO - [2025-10-10T13:05:06.825+0000] {dagbag.py:538} INFO - Filling up the DagBag from /opt/airflow/dags/simple_earnings_pipeline.py
[2025-10-10T13:05:14.670+0000] {processor.py:840} INFO - DAG(s) 'simple_earnings_pipeline' retrieved from /opt/airflow/dags/simple_earnings_pipeline.py
[2025-10-10T13:05:15.511+0000] {logging_mixin.py:188} INFO - [2025-10-10T13:05:15.487+0000] {dag.py:3033} INFO - Sync 1 DAGs
[2025-10-10T13:05:16.007+0000] {logging_mixin.py:188} INFO - [2025-10-10T13:05:16.003+0000] {dag.py:3820} INFO - Setting next_dagrun for simple_earnings_pipeline to 2025-09-28T00:00:00+00:00, run_after=2025-10-05T00:00:00+00:00
[2025-10-10T13:05:16.282+0000] {processor.py:183} INFO - Processing /opt/airflow/dags/simple_earnings_pipeline.py took 10.937 seconds
[2025-10-10T13:05:48.632+0000] {processor.py:161} INFO - Started process (PID=2234) to work on /opt/airflow/dags/simple_earnings_pipeline.py
[2025-10-10T13:05:48.700+0000] {processor.py:830} INFO - Processing file /opt/airflow/dags/simple_earnings_pipeline.py for tasks to queue
[2025-10-10T13:05:48.922+0000] {logging_mixin.py:188} INFO - [2025-10-10T13:05:48.911+0000] {dagbag.py:538} INFO - Filling up the DagBag from /opt/airflow/dags/simple_earnings_pipeline.py
[2025-10-10T13:05:53.591+0000] {processor.py:840} INFO - DAG(s) 'simple_earnings_pipeline' retrieved from /opt/airflow/dags/simple_earnings_pipeline.py
[2025-10-10T13:05:55.976+0000] {logging_mixin.py:188} INFO - [2025-10-10T13:05:55.941+0000] {dag.py:3033} INFO - Sync 1 DAGs
[2025-10-10T13:05:56.288+0000] {logging_mixin.py:188} INFO - [2025-10-10T13:05:56.287+0000] {dag.py:3820} INFO - Setting next_dagrun for simple_earnings_pipeline to 2025-09-28T00:00:00+00:00, run_after=2025-10-05T00:00:00+00:00
[2025-10-10T13:05:56.414+0000] {processor.py:183} INFO - Processing /opt/airflow/dags/simple_earnings_pipeline.py took 8.174 seconds
