[2025-10-10T13:04:35.526+0000] {taskinstance.py:1957} INFO - Dependencies all met for dep_context=non-requeueable deps ti=<TaskInstance: complete_earnings_pipeline.download_reports.download_company_reports manual__2025-10-10T12:54:49.352261+00:00 map_index=0 [queued]>
[2025-10-10T13:04:35.682+0000] {taskinstance.py:1957} INFO - Dependencies all met for dep_context=requeueable deps ti=<TaskInstance: complete_earnings_pipeline.download_reports.download_company_reports manual__2025-10-10T12:54:49.352261+00:00 map_index=0 [queued]>
[2025-10-10T13:04:35.697+0000] {taskinstance.py:2171} INFO - Starting attempt 1 of 3
[2025-10-10T13:04:36.368+0000] {taskinstance.py:2192} INFO - Executing <Mapped(_PythonDecoratedOperator): download_reports.download_company_reports> on 2025-10-10 12:54:49.352261+00:00
[2025-10-10T13:04:36.503+0000] {standard_task_runner.py:60} INFO - Started process 1659 to run task
[2025-10-10T13:04:36.570+0000] {standard_task_runner.py:87} INFO - Running: ['***', 'tasks', 'run', 'complete_earnings_pipeline', 'download_reports.download_company_reports', 'manual__2025-10-10T12:54:49.352261+00:00', '--job-id', '53', '--raw', '--subdir', 'DAGS_FOLDER/complete_earnings_pipeline.py', '--cfg-path', '/tmp/tmpzih3lopk', '--map-index', '0']
[2025-10-10T13:04:36.799+0000] {standard_task_runner.py:88} INFO - Job 53: Subtask download_reports.download_company_reports
[2025-10-10T13:04:39.503+0000] {task_command.py:423} INFO - Running <TaskInstance: complete_earnings_pipeline.download_reports.download_company_reports manual__2025-10-10T12:54:49.352261+00:00 map_index=0 [running]> on host 16dc2f51b29c
[2025-10-10T13:04:46.624+0000] {taskinstance.py:2481} INFO - Exporting env vars: AIRFLOW_CTX_DAG_OWNER='lantern-team' AIRFLOW_CTX_DAG_ID='complete_earnings_pipeline' AIRFLOW_CTX_TASK_ID='download_reports.download_company_reports' AIRFLOW_CTX_EXECUTION_DATE='2025-10-10T12:54:49.352261+00:00' AIRFLOW_CTX_TRY_NUMBER='1' AIRFLOW_CTX_DAG_RUN_ID='manual__2025-10-10T12:54:49.352261+00:00'
[2025-10-10T13:04:50.184+0000] {downloader.py:20} INFO - Initialized downloader with output directory: /opt/***/data/dow30_pipeline_reports_2025
[2025-10-10T13:04:50.282+0000] {main.py:276} INFO - Initialized MultithreadedDow30Pipeline with 1 workers
[2025-10-10T13:04:50.286+0000] {main.py:348} INFO - [AAPL] Starting processing...
[2025-10-10T13:04:50.392+0000] {main.py:306} WARNING - [MainThread] System Chrome failed: Message: Unable to obtain driver for chrome; For documentation on this error, please visit: https://www.selenium.dev/documentation/webdriver/troubleshooting/errors/driver_location

[2025-10-10T13:04:50.403+0000] {logger.py:11} INFO - ====== WebDriver manager ======
[2025-10-10T13:04:51.947+0000] {logger.py:11} INFO - Get LATEST chromedriver version for google-chrome
[2025-10-10T13:04:58.547+0000] {logger.py:11} INFO - About to download new driver from https://chromedriver.storage.googleapis.com/114.0.5735.90/chromedriver_linux64.zip
[2025-10-10T13:05:00.521+0000] {logger.py:11} INFO - Driver downloading response is 200
[2025-10-10T13:05:05.720+0000] {logger.py:11} INFO - Get LATEST chromedriver version for google-chrome
[2025-10-10T13:05:06.566+0000] {main.py:314} WARNING - [MainThread] ChromeDriverManager failed: File is not a zip file
[2025-10-10T13:05:06.746+0000] {main.py:340} ERROR - ❌ [MainThread] Failed to setup WebDriver: All Chrome initialization methods failed
[2025-10-10T13:05:06.758+0000] {main.py:362} ERROR - [AAPL] Failed to setup driver
[2025-10-10T13:05:06.762+0000] {complete_earnings_pipeline.py:116} INFO - Download result for AAPL: failed
[2025-10-10T13:05:06.773+0000] {python.py:201} INFO - Done. Returned value was: {'ticker': 'AAPL', 'status': 'failed', 'error': 'Driver setup failed'}
[2025-10-10T13:05:09.016+0000] {taskinstance.py:1138} INFO - Marking task as SUCCESS. dag_id=complete_earnings_pipeline, task_id=download_reports.download_company_reports, map_index=0, execution_date=20251010T125449, start_date=20251010T130435, end_date=20251010T130508
[2025-10-10T13:05:13.143+0000] {local_task_job_runner.py:234} INFO - Task exited with return code 0
[2025-10-10T13:05:17.692+0000] {taskinstance.py:3281} INFO - 0 downstream tasks scheduled from follow-on schedule check
