[2025-10-10T13:05:39.249+0000] {taskinstance.py:1957} INFO - Dependencies all met for dep_context=non-requeueable deps ti=<TaskInstance: complete_earnings_pipeline.parse_with_docling.parse_single_pdf manual__2025-10-10T12:54:49.352261+00:00 map_index=0 [queued]>
[2025-10-10T13:05:39.399+0000] {taskinstance.py:1957} INFO - Dependencies all met for dep_context=requeueable deps ti=<TaskInstance: complete_earnings_pipeline.parse_with_docling.parse_single_pdf manual__2025-10-10T12:54:49.352261+00:00 map_index=0 [queued]>
[2025-10-10T13:05:39.400+0000] {taskinstance.py:2171} INFO - Starting attempt 1 of 3
[2025-10-10T13:05:39.654+0000] {taskinstance.py:2192} INFO - Executing <Mapped(_PythonDecoratedOperator): parse_with_docling.parse_single_pdf> on 2025-10-10 12:54:49.352261+00:00
[2025-10-10T13:05:39.736+0000] {standard_task_runner.py:60} INFO - Started process 2087 to run task
[2025-10-10T13:05:39.832+0000] {standard_task_runner.py:87} INFO - Running: ['***', 'tasks', 'run', 'complete_earnings_pipeline', 'parse_with_docling.parse_single_pdf', 'manual__2025-10-10T12:54:49.352261+00:00', '--job-id', '69', '--raw', '--subdir', 'DAGS_FOLDER/complete_earnings_pipeline.py', '--cfg-path', '/tmp/tmp4dysm3ua', '--map-index', '0']
[2025-10-10T13:05:39.889+0000] {standard_task_runner.py:88} INFO - Job 69: Subtask parse_with_docling.parse_single_pdf
[2025-10-10T13:05:41.183+0000] {task_command.py:423} INFO - Running <TaskInstance: complete_earnings_pipeline.parse_with_docling.parse_single_pdf manual__2025-10-10T12:54:49.352261+00:00 map_index=0 [running]> on host 16dc2f51b29c
[2025-10-10T13:05:43.206+0000] {taskinstance.py:2481} INFO - Exporting env vars: AIRFLOW_CTX_DAG_OWNER='lantern-team' AIRFLOW_CTX_DAG_ID='complete_earnings_pipeline' AIRFLOW_CTX_TASK_ID='parse_with_docling.parse_single_pdf' AIRFLOW_CTX_EXECUTION_DATE='2025-10-10T12:54:49.352261+00:00' AIRFLOW_CTX_TRY_NUMBER='1' AIRFLOW_CTX_DAG_RUN_ID='manual__2025-10-10T12:54:49.352261+00:00'
[2025-10-10T13:06:11.911+0000] {logging_mixin.py:188} INFO - ✅ Docling imported successfully
[2025-10-10T13:06:15.289+0000] {logging_mixin.py:188} INFO - ✅ Additional dependencies available (pandas, PIL, PyMuPDF)
[2025-10-10T13:06:15.290+0000] {complete_earnings_pipeline.py:192} INFO - Parsing CAT: /opt/***/data/dow30_pipeline_reports_2025/CAT_2025-Q4-LATEST-EXPECTED_financial_report.pdf
[2025-10-10T13:06:15.296+0000] {docling_parser.py:82} INFO - ✅ Docling converter initialized with table & image extraction
[2025-10-10T13:06:15.296+0000] {docling_parser.py:87} INFO - 📁 Input directory: /opt/***/data/dow30_pipeline_reports_2025
[2025-10-10T13:06:15.297+0000] {docling_parser.py:88} INFO - 📁 Output directory: /opt/***/data/parsed_local
[2025-10-10T13:06:15.297+0000] {complete_earnings_pipeline.py:218} ERROR - Error parsing CAT: 'DoclingPDFParser' object has no attribute 'parse_single_pdf'
[2025-10-10T13:06:15.297+0000] {python.py:201} INFO - Done. Returned value was: {'ticker': 'CAT', 'status': 'failed', 'error': "'DoclingPDFParser' object has no attribute 'parse_single_pdf'"}
[2025-10-10T13:06:15.357+0000] {taskinstance.py:1138} INFO - Marking task as SUCCESS. dag_id=complete_earnings_pipeline, task_id=parse_with_docling.parse_single_pdf, map_index=0, execution_date=20251010T125449, start_date=20251010T130539, end_date=20251010T130615
[2025-10-10T13:06:15.420+0000] {local_task_job_runner.py:234} INFO - Task exited with return code 0
[2025-10-10T13:06:15.529+0000] {taskinstance.py:3281} INFO - 0 downstream tasks scheduled from follow-on schedule check
