[2025-10-10T13:04:46.849+0000] {taskinstance.py:1957} INFO - Dependencies all met for dep_context=non-requeueable deps ti=<TaskInstance: complete_earnings_pipeline.download_reports.download_company_reports manual__2025-10-10T12:54:49.352261+00:00 map_index=7 [queued]>
[2025-10-10T13:04:47.369+0000] {taskinstance.py:1957} INFO - Dependencies all met for dep_context=requeueable deps ti=<TaskInstance: complete_earnings_pipeline.download_reports.download_company_reports manual__2025-10-10T12:54:49.352261+00:00 map_index=7 [queued]>
[2025-10-10T13:04:47.377+0000] {taskinstance.py:2171} INFO - Starting attempt 1 of 3
[2025-10-10T13:04:47.722+0000] {taskinstance.py:2192} INFO - Executing <Mapped(_PythonDecoratedOperator): download_reports.download_company_reports> on 2025-10-10 12:54:49.352261+00:00
[2025-10-10T13:04:47.789+0000] {standard_task_runner.py:60} INFO - Started process 1717 to run task
[2025-10-10T13:04:48.106+0000] {standard_task_runner.py:87} INFO - Running: ['***', 'tasks', 'run', 'complete_earnings_pipeline', 'download_reports.download_company_reports', 'manual__2025-10-10T12:54:49.352261+00:00', '--job-id', '59', '--raw', '--subdir', 'DAGS_FOLDER/complete_earnings_pipeline.py', '--cfg-path', '/tmp/tmpn8kk3w_b', '--map-index', '7']
[2025-10-10T13:04:48.402+0000] {standard_task_runner.py:88} INFO - Job 59: Subtask download_reports.download_company_reports
[2025-10-10T13:04:51.377+0000] {task_command.py:423} INFO - Running <TaskInstance: complete_earnings_pipeline.download_reports.download_company_reports manual__2025-10-10T12:54:49.352261+00:00 map_index=7 [running]> on host 16dc2f51b29c
[2025-10-10T13:04:58.811+0000] {taskinstance.py:2481} INFO - Exporting env vars: AIRFLOW_CTX_DAG_OWNER='lantern-team' AIRFLOW_CTX_DAG_ID='complete_earnings_pipeline' AIRFLOW_CTX_TASK_ID='download_reports.download_company_reports' AIRFLOW_CTX_EXECUTION_DATE='2025-10-10T12:54:49.352261+00:00' AIRFLOW_CTX_TRY_NUMBER='1' AIRFLOW_CTX_DAG_RUN_ID='manual__2025-10-10T12:54:49.352261+00:00'
[2025-10-10T13:05:06.125+0000] {downloader.py:20} INFO - Initialized downloader with output directory: /opt/***/data/dow30_pipeline_reports_2025
[2025-10-10T13:05:06.159+0000] {main.py:276} INFO - Initialized MultithreadedDow30Pipeline with 1 workers
[2025-10-10T13:05:06.162+0000] {main.py:348} INFO - [CSCO] Starting processing...
[2025-10-10T13:05:06.247+0000] {main.py:306} WARNING - [MainThread] System Chrome failed: Message: Unable to obtain driver for chrome; For documentation on this error, please visit: https://www.selenium.dev/documentation/webdriver/troubleshooting/errors/driver_location

[2025-10-10T13:05:06.250+0000] {logger.py:11} INFO - ====== WebDriver manager ======
[2025-10-10T13:05:06.688+0000] {logger.py:11} INFO - Get LATEST chromedriver version for google-chrome
[2025-10-10T13:05:08.188+0000] {logger.py:11} INFO - About to download new driver from https://chromedriver.storage.googleapis.com/114.0.5735.90/chromedriver_linux64.zip
[2025-10-10T13:05:08.612+0000] {logger.py:11} INFO - Driver downloading response is 200
[2025-10-10T13:05:12.586+0000] {logger.py:11} INFO - Get LATEST chromedriver version for google-chrome
[2025-10-10T13:05:13.744+0000] {main.py:314} WARNING - [MainThread] ChromeDriverManager failed: tuple index out of range
[2025-10-10T13:05:13.801+0000] {main.py:340} ERROR - ❌ [MainThread] Failed to setup WebDriver: All Chrome initialization methods failed
[2025-10-10T13:05:13.805+0000] {main.py:362} ERROR - [CSCO] Failed to setup driver
[2025-10-10T13:05:13.805+0000] {complete_earnings_pipeline.py:116} INFO - Download result for CSCO: failed
[2025-10-10T13:05:13.808+0000] {python.py:201} INFO - Done. Returned value was: {'ticker': 'CSCO', 'status': 'failed', 'error': 'Driver setup failed'}
[2025-10-10T13:05:14.668+0000] {taskinstance.py:1138} INFO - Marking task as SUCCESS. dag_id=complete_earnings_pipeline, task_id=download_reports.download_company_reports, map_index=7, execution_date=20251010T125449, start_date=20251010T130446, end_date=20251010T130514
[2025-10-10T13:05:15.867+0000] {local_task_job_runner.py:234} INFO - Task exited with return code 0
[2025-10-10T13:05:16.711+0000] {taskinstance.py:3281} INFO - 0 downstream tasks scheduled from follow-on schedule check
