[2025-10-10T12:54:27.538+0000] {taskinstance.py:1957} INFO - Dependencies all met for dep_context=non-requeueable deps ti=<TaskInstance: complete_earnings_pipeline.download_reports.download_company_reports scheduled__2025-09-29T00:00:00+00:00 map_index=2 [queued]>
[2025-10-10T12:54:27.596+0000] {taskinstance.py:1957} INFO - Dependencies all met for dep_context=requeueable deps ti=<TaskInstance: complete_earnings_pipeline.download_reports.download_company_reports scheduled__2025-09-29T00:00:00+00:00 map_index=2 [queued]>
[2025-10-10T12:54:27.597+0000] {taskinstance.py:2171} INFO - Starting attempt 1 of 3
[2025-10-10T12:54:27.811+0000] {taskinstance.py:2192} INFO - Executing <Mapped(_PythonDecoratedOperator): download_reports.download_company_reports> on 2025-09-29 00:00:00+00:00
[2025-10-10T12:54:27.991+0000] {standard_task_runner.py:60} INFO - Started process 316 to run task
[2025-10-10T12:54:28.192+0000] {standard_task_runner.py:87} INFO - Running: ['***', 'tasks', 'run', 'complete_earnings_pipeline', 'download_reports.download_company_reports', 'scheduled__2025-09-29T00:00:00+00:00', '--job-id', '20', '--raw', '--subdir', 'DAGS_FOLDER/complete_earnings_pipeline.py', '--cfg-path', '/tmp/tmpeubynneo', '--map-index', '2']
[2025-10-10T12:54:28.240+0000] {standard_task_runner.py:88} INFO - Job 20: Subtask download_reports.download_company_reports
[2025-10-10T12:54:28.904+0000] {task_command.py:423} INFO - Running <TaskInstance: complete_earnings_pipeline.download_reports.download_company_reports scheduled__2025-09-29T00:00:00+00:00 map_index=2 [running]> on host 16dc2f51b29c
[2025-10-10T12:54:29.974+0000] {taskinstance.py:2481} INFO - Exporting env vars: AIRFLOW_CTX_DAG_OWNER='lantern-team' AIRFLOW_CTX_DAG_ID='complete_earnings_pipeline' AIRFLOW_CTX_TASK_ID='download_reports.download_company_reports' AIRFLOW_CTX_EXECUTION_DATE='2025-09-29T00:00:00+00:00' AIRFLOW_CTX_TRY_NUMBER='1' AIRFLOW_CTX_DAG_RUN_ID='scheduled__2025-09-29T00:00:00+00:00'
[2025-10-10T12:54:30.579+0000] {downloader.py:20} INFO - Initialized downloader with output directory: /opt/***/data/dow30_pipeline_reports_2025
[2025-10-10T12:54:30.591+0000] {main.py:276} INFO - Initialized MultithreadedDow30Pipeline with 1 workers
[2025-10-10T12:54:30.593+0000] {main.py:348} INFO - [AMZN] Starting processing...
[2025-10-10T12:54:30.624+0000] {main.py:306} WARNING - [MainThread] System Chrome failed: Message: Unable to obtain driver for chrome; For documentation on this error, please visit: https://www.selenium.dev/documentation/webdriver/troubleshooting/errors/driver_location

[2025-10-10T12:54:30.625+0000] {logger.py:11} INFO - ====== WebDriver manager ======
[2025-10-10T12:54:30.862+0000] {logger.py:11} INFO - Get LATEST chromedriver version for google-chrome
[2025-10-10T12:54:31.265+0000] {logger.py:11} INFO - About to download new driver from https://chromedriver.storage.googleapis.com/114.0.5735.90/chromedriver_linux64.zip
[2025-10-10T12:54:31.562+0000] {logger.py:11} INFO - Driver downloading response is 200
[2025-10-10T12:54:40.691+0000] {logger.py:11} INFO - Get LATEST chromedriver version for google-chrome
[2025-10-10T12:54:41.436+0000] {main.py:314} WARNING - [MainThread] ChromeDriverManager failed: File is not a zip file
[2025-10-10T12:54:41.482+0000] {main.py:340} ERROR - ❌ [MainThread] Failed to setup WebDriver: All Chrome initialization methods failed
[2025-10-10T12:54:41.484+0000] {main.py:362} ERROR - [AMZN] Failed to setup driver
[2025-10-10T12:54:41.485+0000] {complete_earnings_pipeline.py:116} INFO - Download result for AMZN: failed
[2025-10-10T12:54:41.488+0000] {python.py:201} INFO - Done. Returned value was: {'ticker': 'AMZN', 'status': 'failed', 'error': 'Driver setup failed'}
[2025-10-10T12:54:41.878+0000] {taskinstance.py:1138} INFO - Marking task as SUCCESS. dag_id=complete_earnings_pipeline, task_id=download_reports.download_company_reports, map_index=2, execution_date=20250929T000000, start_date=20251010T125427, end_date=20251010T125441
[2025-10-10T12:54:42.069+0000] {local_task_job_runner.py:234} INFO - Task exited with return code 0
[2025-10-10T12:54:43.496+0000] {taskinstance.py:3281} INFO - 0 downstream tasks scheduled from follow-on schedule check
