[2025-10-10T17:57:39.578+0000] {taskinstance.py:1957} INFO - Dependencies all met for dep_context=non-requeueable deps ti=<TaskInstance: complete_earnings_pipeline.upload_raw_pdfs manual__2025-10-10T17:04:17+00:00 [queued]>
[2025-10-10T17:57:39.583+0000] {taskinstance.py:1957} INFO - Dependencies all met for dep_context=requeueable deps ti=<TaskInstance: complete_earnings_pipeline.upload_raw_pdfs manual__2025-10-10T17:04:17+00:00 [queued]>
[2025-10-10T17:57:39.584+0000] {taskinstance.py:2171} INFO - Starting attempt 2 of 2
[2025-10-10T17:57:39.592+0000] {taskinstance.py:2192} INFO - Executing <Task(BashOperator): upload_raw_pdfs> on 2025-10-10 17:04:17+00:00
[2025-10-10T17:57:39.596+0000] {standard_task_runner.py:60} INFO - Started process 21953 to run task
[2025-10-10T17:57:39.599+0000] {standard_task_runner.py:87} INFO - Running: ['***', 'tasks', 'run', 'complete_earnings_pipeline', 'upload_raw_pdfs', 'manual__2025-10-10T17:04:17+00:00', '--job-id', '97', '--raw', '--subdir', 'DAGS_FOLDER/complete_earnings_pipeline.py', '--cfg-path', '/tmp/tmpxol_5up6']
[2025-10-10T17:57:39.601+0000] {standard_task_runner.py:88} INFO - Job 97: Subtask upload_raw_pdfs
[2025-10-10T17:57:39.626+0000] {task_command.py:423} INFO - Running <TaskInstance: complete_earnings_pipeline.upload_raw_pdfs manual__2025-10-10T17:04:17+00:00 [running]> on host 305868ccefda
[2025-10-10T17:57:39.686+0000] {taskinstance.py:2481} INFO - Exporting env vars: AIRFLOW_CTX_DAG_OWNER='lantern-team' AIRFLOW_CTX_DAG_ID='complete_earnings_pipeline' AIRFLOW_CTX_TASK_ID='upload_raw_pdfs' AIRFLOW_CTX_EXECUTION_DATE='2025-10-10T17:04:17+00:00' AIRFLOW_CTX_TRY_NUMBER='2' AIRFLOW_CTX_DAG_RUN_ID='manual__2025-10-10T17:04:17+00:00'
[2025-10-10T17:57:39.687+0000] {subprocess.py:63} INFO - Tmp dir root location: /tmp
[2025-10-10T17:57:39.689+0000] {subprocess.py:75} INFO - Running command: ['/usr/bin/bash', '-c', '\n    cd /opt/***/dags/lantern-dow30 &&     python3 gcs_upload_helper.py --type raw --input-dir /opt/***/dags/lantern-dow30/dow30_pipeline_reports_2025 --bucket damgteam5\n    ']
[2025-10-10T17:57:39.696+0000] {subprocess.py:86} INFO - Output:
[2025-10-10T17:57:39.724+0000] {subprocess.py:93} INFO - python3: can't open file '/opt/***/dags/lantern-dow30/gcs_upload_helper.py': [Errno 2] No such file or directory
[2025-10-10T17:57:39.726+0000] {subprocess.py:97} INFO - Command exited with return code 2
[2025-10-10T17:57:39.732+0000] {taskinstance.py:2699} ERROR - Task failed with exception
Traceback (most recent call last):
  File "/home/airflow/.local/lib/python3.9/site-packages/airflow/models/taskinstance.py", line 433, in _execute_task
    result = execute_callable(context=context, **execute_callable_kwargs)
  File "/home/airflow/.local/lib/python3.9/site-packages/airflow/operators/bash.py", line 212, in execute
    raise AirflowException(
airflow.exceptions.AirflowException: Bash command failed. The command returned a non-zero exit code 2.
[2025-10-10T17:57:39.735+0000] {taskinstance.py:1138} INFO - Marking task as FAILED. dag_id=complete_earnings_pipeline, task_id=upload_raw_pdfs, execution_date=20251010T170417, start_date=20251010T175739, end_date=20251010T175739
[2025-10-10T17:57:39.744+0000] {standard_task_runner.py:107} ERROR - Failed to execute job 97 for task upload_raw_pdfs (Bash command failed. The command returned a non-zero exit code 2.; 21953)
[2025-10-10T17:57:39.780+0000] {local_task_job_runner.py:234} INFO - Task exited with return code 1
[2025-10-10T17:57:39.791+0000] {taskinstance.py:3281} INFO - 0 downstream tasks scheduled from follow-on schedule check
