[2025-10-10T13:04:12.774+0000] {taskinstance.py:1957} INFO - Dependencies all met for dep_context=non-requeueable deps ti=<TaskInstance: complete_earnings_pipeline.upload_to_gcs.prepare_gcs_bucket manual__2025-10-10T12:54:49.352261+00:00 [queued]>
[2025-10-10T13:04:12.784+0000] {taskinstance.py:1957} INFO - Dependencies all met for dep_context=requeueable deps ti=<TaskInstance: complete_earnings_pipeline.upload_to_gcs.prepare_gcs_bucket manual__2025-10-10T12:54:49.352261+00:00 [queued]>
[2025-10-10T13:04:12.786+0000] {taskinstance.py:2171} INFO - Starting attempt 1 of 3
[2025-10-10T13:04:12.801+0000] {taskinstance.py:2192} INFO - Executing <Task(_PythonDecoratedOperator): upload_to_gcs.prepare_gcs_bucket> on 2025-10-10 12:54:49.352261+00:00
[2025-10-10T13:04:12.813+0000] {standard_task_runner.py:60} INFO - Started process 1608 to run task
[2025-10-10T13:04:12.818+0000] {standard_task_runner.py:87} INFO - Running: ['***', 'tasks', 'run', 'complete_earnings_pipeline', 'upload_to_gcs.prepare_gcs_bucket', 'manual__2025-10-10T12:54:49.352261+00:00', '--job-id', '44', '--raw', '--subdir', 'DAGS_FOLDER/complete_earnings_pipeline.py', '--cfg-path', '/tmp/tmprjvsvbaf']
[2025-10-10T13:04:12.830+0000] {standard_task_runner.py:88} INFO - Job 44: Subtask upload_to_gcs.prepare_gcs_bucket
[2025-10-10T13:04:13.065+0000] {task_command.py:423} INFO - Running <TaskInstance: complete_earnings_pipeline.upload_to_gcs.prepare_gcs_bucket manual__2025-10-10T12:54:49.352261+00:00 [running]> on host 16dc2f51b29c
[2025-10-10T13:04:13.217+0000] {taskinstance.py:2481} INFO - Exporting env vars: AIRFLOW_CTX_DAG_OWNER='lantern-team' AIRFLOW_CTX_DAG_ID='complete_earnings_pipeline' AIRFLOW_CTX_TASK_ID='upload_to_gcs.prepare_gcs_bucket' AIRFLOW_CTX_EXECUTION_DATE='2025-10-10T12:54:49.352261+00:00' AIRFLOW_CTX_TRY_NUMBER='1' AIRFLOW_CTX_DAG_RUN_ID='manual__2025-10-10T12:54:49.352261+00:00'
[2025-10-10T13:04:13.948+0000] {complete_earnings_pipeline.py:286} ERROR - Error with GCS bucket: 403 POST https://storage.googleapis.com/storage/v1/b?project=your-project-id&prettyPrint=false: pranav-patel@damg-big-data.iam.gserviceaccount.com does not have storage.buckets.create access to the Google Cloud project. Permission 'storage.buckets.create' denied on resource (or it may not exist).
[2025-10-10T13:04:13.960+0000] {taskinstance.py:2699} ERROR - Task failed with exception
Traceback (most recent call last):
  File "/home/airflow/.local/lib/python3.9/site-packages/airflow/models/taskinstance.py", line 433, in _execute_task
    result = execute_callable(context=context, **execute_callable_kwargs)
  File "/home/airflow/.local/lib/python3.9/site-packages/airflow/decorators/base.py", line 242, in execute
    return_value = super().execute(context)
  File "/home/airflow/.local/lib/python3.9/site-packages/airflow/operators/python.py", line 199, in execute
    return_value = self.execute_callable()
  File "/home/airflow/.local/lib/python3.9/site-packages/airflow/operators/python.py", line 216, in execute_callable
    return self.python_callable(*self.op_args, **self.op_kwargs)
  File "/opt/airflow/dags/complete_earnings_pipeline.py", line 278, in prepare_gcs_bucket
    bucket = client.create_bucket(GCS_BUCKET, location="US")
  File "/home/airflow/.local/lib/python3.9/site-packages/google/cloud/storage/client.py", line 970, in create_bucket
    api_response = self._post_resource(
  File "/home/airflow/.local/lib/python3.9/site-packages/google/cloud/storage/client.py", line 627, in _post_resource
    return self._connection.api_request(
  File "/home/airflow/.local/lib/python3.9/site-packages/google/cloud/storage/_http.py", line 72, in api_request
    return call()
  File "/home/airflow/.local/lib/python3.9/site-packages/google/api_core/retry.py", line 372, in retry_wrapped_func
    return retry_target(
  File "/home/airflow/.local/lib/python3.9/site-packages/google/api_core/retry.py", line 207, in retry_target
    result = target()
  File "/home/airflow/.local/lib/python3.9/site-packages/google/cloud/_http/__init__.py", line 494, in api_request
    raise exceptions.from_http_response(response)
google.api_core.exceptions.Forbidden: 403 POST https://storage.googleapis.com/storage/v1/b?project=your-project-id&prettyPrint=false: pranav-patel@damg-big-data.iam.gserviceaccount.com does not have storage.buckets.create access to the Google Cloud project. Permission 'storage.buckets.create' denied on resource (or it may not exist).
[2025-10-10T13:04:14.070+0000] {taskinstance.py:1138} INFO - Marking task as UP_FOR_RETRY. dag_id=complete_earnings_pipeline, task_id=upload_to_gcs.prepare_gcs_bucket, execution_date=20251010T125449, start_date=20251010T130412, end_date=20251010T130414
[2025-10-10T13:04:14.171+0000] {standard_task_runner.py:107} ERROR - Failed to execute job 44 for task upload_to_gcs.prepare_gcs_bucket (403 POST https://storage.googleapis.com/storage/v1/b?project=your-project-id&prettyPrint=false: pranav-patel@damg-big-data.iam.gserviceaccount.com does not have storage.buckets.create access to the Google Cloud project. Permission 'storage.buckets.create' denied on resource (or it may not exist).; 1608)
[2025-10-10T13:04:14.267+0000] {local_task_job_runner.py:234} INFO - Task exited with return code 1
[2025-10-10T13:04:14.415+0000] {taskinstance.py:3281} INFO - 0 downstream tasks scheduled from follow-on schedule check
